mode: set
gitlab.computing.dcu.ie/collint9/2021-ca400-collint9-coynemt2/src/client/data/chunk.go:13.48,15.2 1 1
gitlab.computing.dcu.ie/collint9/2021-ca400-collint9-coynemt2/src/client/data/split.go:27.40,29.2 1 0
gitlab.computing.dcu.ie/collint9/2021-ca400-collint9-coynemt2/src/client/data/split.go:31.99,32.18 1 0
gitlab.computing.dcu.ie/collint9/2021-ca400-collint9-coynemt2/src/client/data/split.go:35.2,44.3 2 0
gitlab.computing.dcu.ie/collint9/2021-ca400-collint9-coynemt2/src/client/data/split.go:32.18,34.3 1 0
gitlab.computing.dcu.ie/collint9/2021-ca400-collint9-coynemt2/src/client/data/split.go:47.39,49.2 1 1
gitlab.computing.dcu.ie/collint9/2021-ca400-collint9-coynemt2/src/client/data/split.go:51.50,52.39 1 1
gitlab.computing.dcu.ie/collint9/2021-ca400-collint9-coynemt2/src/client/data/split.go:56.2,57.34 2 1
gitlab.computing.dcu.ie/collint9/2021-ca400-collint9-coynemt2/src/client/data/split.go:61.2,63.16 3 1
gitlab.computing.dcu.ie/collint9/2021-ca400-collint9-coynemt2/src/client/data/split.go:68.2,69.24 2 1
gitlab.computing.dcu.ie/collint9/2021-ca400-collint9-coynemt2/src/client/data/split.go:52.39,54.3 1 1
gitlab.computing.dcu.ie/collint9/2021-ca400-collint9-coynemt2/src/client/data/split.go:57.34,59.3 1 1
gitlab.computing.dcu.ie/collint9/2021-ca400-collint9-coynemt2/src/client/data/split.go:63.16,66.3 2 1
gitlab.computing.dcu.ie/collint9/2021-ca400-collint9-coynemt2/src/client/data/split.go:72.73,73.39 1 1
gitlab.computing.dcu.ie/collint9/2021-ca400-collint9-coynemt2/src/client/data/split.go:83.2,83.12 1 1
gitlab.computing.dcu.ie/collint9/2021-ca400-collint9-coynemt2/src/client/data/split.go:73.39,75.17 2 1
gitlab.computing.dcu.ie/collint9/2021-ca400-collint9-coynemt2/src/client/data/split.go:78.3,79.60 2 1
gitlab.computing.dcu.ie/collint9/2021-ca400-collint9-coynemt2/src/client/data/split.go:75.17,77.4 1 1
gitlab.computing.dcu.ie/collint9/2021-ca400-collint9-coynemt2/src/client/data/split.go:79.60,81.4 1 0
gitlab.computing.dcu.ie/collint9/2021-ca400-collint9-coynemt2/src/client/apiclient/synche_client.go:35.53,37.2 1 1
gitlab.computing.dcu.ie/collint9/2021-ca400-collint9-coynemt2/src/client/apiclient/synche_client.go:41.85,43.16 1 1
gitlab.computing.dcu.ie/collint9/2021-ca400-collint9-coynemt2/src/client/apiclient/synche_client.go:48.2,49.32 2 1
gitlab.computing.dcu.ie/collint9/2021-ca400-collint9-coynemt2/src/client/apiclient/synche_client.go:43.16,45.3 1 1
gitlab.computing.dcu.ie/collint9/2021-ca400-collint9-coynemt2/src/client/apiclient/synche_client.go:53.78,55.20 1 1
gitlab.computing.dcu.ie/collint9/2021-ca400-collint9-coynemt2/src/client/apiclient/synche_client.go:59.2,65.12 7 1
gitlab.computing.dcu.ie/collint9/2021-ca400-collint9-coynemt2/src/client/apiclient/synche_client.go:55.20,57.3 1 1
gitlab.computing.dcu.ie/collint9/2021-ca400-collint9-coynemt2/src/client/apiclient/synche_client.go:70.48,76.2 1 1
gitlab.computing.dcu.ie/collint9/2021-ca400-collint9-coynemt2/src/client/apiclient/synche_client.go:88.68,91.2 2 0
gitlab.computing.dcu.ie/collint9/2021-ca400-collint9-coynemt2/src/client/apiclient/synche_client.go:95.76,98.2 2 0
gitlab.computing.dcu.ie/collint9/2021-ca400-collint9-coynemt2/src/client/apiclient/synche_client.go:102.76,105.2 2 0
gitlab.computing.dcu.ie/collint9/2021-ca400-collint9-coynemt2/src/client/apiclient/synche_client.go:121.66,127.2 5 0
gitlab.computing.dcu.ie/collint9/2021-ca400-collint9-coynemt2/src/client/apiclient/auth.go:26.49,28.16 2 0
gitlab.computing.dcu.ie/collint9/2021-ca400-collint9-coynemt2/src/client/apiclient/auth.go:32.2,32.58 1 0
gitlab.computing.dcu.ie/collint9/2021-ca400-collint9-coynemt2/src/client/apiclient/auth.go:44.2,45.12 2 0
gitlab.computing.dcu.ie/collint9/2021-ca400-collint9-coynemt2/src/client/apiclient/auth.go:28.16,30.3 1 0
gitlab.computing.dcu.ie/collint9/2021-ca400-collint9-coynemt2/src/client/apiclient/auth.go:32.58,35.17 3 0
gitlab.computing.dcu.ie/collint9/2021-ca400-collint9-coynemt2/src/client/apiclient/auth.go:38.3,38.59 1 0
gitlab.computing.dcu.ie/collint9/2021-ca400-collint9-coynemt2/src/client/apiclient/auth.go:41.3,41.34 1 0
gitlab.computing.dcu.ie/collint9/2021-ca400-collint9-coynemt2/src/client/apiclient/auth.go:35.17,37.4 1 0
gitlab.computing.dcu.ie/collint9/2021-ca400-collint9-coynemt2/src/client/apiclient/auth.go:38.59,40.4 1 0
gitlab.computing.dcu.ie/collint9/2021-ca400-collint9-coynemt2/src/client/apiclient/auth.go:49.75,55.16 2 0
gitlab.computing.dcu.ie/collint9/2021-ca400-collint9-coynemt2/src/client/apiclient/auth.go:60.2,61.31 2 0
gitlab.computing.dcu.ie/collint9/2021-ca400-collint9-coynemt2/src/client/apiclient/auth.go:55.16,58.3 2 0
gitlab.computing.dcu.ie/collint9/2021-ca400-collint9-coynemt2/src/client/apiclient/auth.go:65.61,74.2 6 0
gitlab.computing.dcu.ie/collint9/2021-ca400-collint9-coynemt2/src/client/apiclient/auth.go:77.48,82.2 3 0
gitlab.computing.dcu.ie/collint9/2021-ca400-collint9-coynemt2/src/client/apiclient/auth.go:85.72,88.16 3 0
gitlab.computing.dcu.ie/collint9/2021-ca400-collint9-coynemt2/src/client/apiclient/auth.go:98.2,98.57 1 0
gitlab.computing.dcu.ie/collint9/2021-ca400-collint9-coynemt2/src/client/apiclient/auth.go:113.2,113.16 1 0
gitlab.computing.dcu.ie/collint9/2021-ca400-collint9-coynemt2/src/client/apiclient/auth.go:117.2,117.19 1 0
gitlab.computing.dcu.ie/collint9/2021-ca400-collint9-coynemt2/src/client/apiclient/auth.go:88.16,91.17 3 0
gitlab.computing.dcu.ie/collint9/2021-ca400-collint9-coynemt2/src/client/apiclient/auth.go:91.17,93.4 1 0
gitlab.computing.dcu.ie/collint9/2021-ca400-collint9-coynemt2/src/client/apiclient/auth.go:94.8,96.3 1 0
gitlab.computing.dcu.ie/collint9/2021-ca400-collint9-coynemt2/src/client/apiclient/auth.go:98.57,101.17 3 0
gitlab.computing.dcu.ie/collint9/2021-ca400-collint9-coynemt2/src/client/apiclient/auth.go:101.17,105.18 4 0
gitlab.computing.dcu.ie/collint9/2021-ca400-collint9-coynemt2/src/client/apiclient/auth.go:105.18,107.5 1 0
gitlab.computing.dcu.ie/collint9/2021-ca400-collint9-coynemt2/src/client/apiclient/auth.go:108.9,110.4 1 0
gitlab.computing.dcu.ie/collint9/2021-ca400-collint9-coynemt2/src/client/apiclient/auth.go:113.16,115.3 1 0
gitlab.computing.dcu.ie/collint9/2021-ca400-collint9-coynemt2/src/client/apiclient/auth.go:121.75,124.16 3 0
gitlab.computing.dcu.ie/collint9/2021-ca400-collint9-coynemt2/src/client/apiclient/auth.go:128.2,128.35 1 0
gitlab.computing.dcu.ie/collint9/2021-ca400-collint9-coynemt2/src/client/apiclient/auth.go:124.16,126.3 1 0
gitlab.computing.dcu.ie/collint9/2021-ca400-collint9-coynemt2/src/client/apiclient/auth.go:132.77,134.16 2 1
gitlab.computing.dcu.ie/collint9/2021-ca400-collint9-coynemt2/src/client/apiclient/auth.go:137.2,142.17 4 1
gitlab.computing.dcu.ie/collint9/2021-ca400-collint9-coynemt2/src/client/apiclient/auth.go:134.16,136.3 1 0
gitlab.computing.dcu.ie/collint9/2021-ca400-collint9-coynemt2/src/client/apiclient/auth.go:146.77,149.16 3 0
gitlab.computing.dcu.ie/collint9/2021-ca400-collint9-coynemt2/src/client/apiclient/auth.go:154.2,157.12 3 0
gitlab.computing.dcu.ie/collint9/2021-ca400-collint9-coynemt2/src/client/apiclient/auth.go:149.16,152.3 2 0
gitlab.computing.dcu.ie/collint9/2021-ca400-collint9-coynemt2/src/client/apiclient/configure_client.go:12.45,15.2 2 0
gitlab.computing.dcu.ie/collint9/2021-ca400-collint9-coynemt2/src/client/upload/chunk.go:18.104,25.12 3 0
gitlab.computing.dcu.ie/collint9/2021-ca400-collint9-coynemt2/src/client/upload/chunk.go:30.2,31.16 2 0
gitlab.computing.dcu.ie/collint9/2021-ca400-collint9-coynemt2/src/client/upload/chunk.go:37.2,46.8 3 0
gitlab.computing.dcu.ie/collint9/2021-ca400-collint9-coynemt2/src/client/upload/chunk.go:25.12,28.3 2 0
gitlab.computing.dcu.ie/collint9/2021-ca400-collint9-coynemt2/src/client/upload/chunk.go:31.16,35.3 3 0
gitlab.computing.dcu.ie/collint9/2021-ca400-collint9-coynemt2/src/client/upload/chunk.go:49.88,58.2 2 1
gitlab.computing.dcu.ie/collint9/2021-ca400-collint9-coynemt2/src/client/upload/file.go:13.134,15.16 2 0
gitlab.computing.dcu.ie/collint9/2021-ca400-collint9-coynemt2/src/client/upload/file.go:19.2,26.46 5 0
gitlab.computing.dcu.ie/collint9/2021-ca400-collint9-coynemt2/src/client/upload/file.go:38.2,38.16 1 0
gitlab.computing.dcu.ie/collint9/2021-ca400-collint9-coynemt2/src/client/upload/file.go:42.2,55.31 5 0
gitlab.computing.dcu.ie/collint9/2021-ca400-collint9-coynemt2/src/client/upload/file.go:62.2,62.12 1 0
gitlab.computing.dcu.ie/collint9/2021-ca400-collint9-coynemt2/src/client/upload/file.go:15.16,17.3 1 0
gitlab.computing.dcu.ie/collint9/2021-ca400-collint9-coynemt2/src/client/upload/file.go:26.46,28.49 2 0
gitlab.computing.dcu.ie/collint9/2021-ca400-collint9-coynemt2/src/client/upload/file.go:32.4,35.14 4 0
gitlab.computing.dcu.ie/collint9/2021-ca400-collint9-coynemt2/src/client/upload/file.go:28.49,31.5 2 0
gitlab.computing.dcu.ie/collint9/2021-ca400-collint9-coynemt2/src/client/upload/file.go:38.16,40.3 1 0
gitlab.computing.dcu.ie/collint9/2021-ca400-collint9-coynemt2/src/client/upload/file.go:55.31,56.17 1 0
gitlab.computing.dcu.ie/collint9/2021-ca400-collint9-coynemt2/src/client/upload/file.go:56.17,59.4 2 0
gitlab.computing.dcu.ie/collint9/2021-ca400-collint9-coynemt2/src/client/upload/new_upload.go:16.72,17.27 1 0
gitlab.computing.dcu.ie/collint9/2021-ca400-collint9-coynemt2/src/client/upload/new_upload.go:20.2,21.16 2 0
gitlab.computing.dcu.ie/collint9/2021-ca400-collint9-coynemt2/src/client/upload/new_upload.go:25.2,25.40 1 0
gitlab.computing.dcu.ie/collint9/2021-ca400-collint9-coynemt2/src/client/upload/new_upload.go:17.27,19.3 1 0
gitlab.computing.dcu.ie/collint9/2021-ca400-collint9-coynemt2/src/client/upload/new_upload.go:21.16,23.3 1 0
gitlab.computing.dcu.ie/collint9/2021-ca400-collint9-coynemt2/src/client/upload/new_upload.go:33.29,42.2 1 0
gitlab.computing.dcu.ie/collint9/2021-ca400-collint9-coynemt2/src/client/upload/new_upload.go:45.102,53.2 1 0
gitlab.computing.dcu.ie/collint9/2021-ca400-collint9-coynemt2/src/client/config/config.go:51.30,56.2 1 1
gitlab.computing.dcu.ie/collint9/2021-ca400-collint9-coynemt2/src/client/config/config.go:58.13,60.2 1 1
gitlab.computing.dcu.ie/collint9/2021-ca400-collint9-coynemt2/src/client/config/config.go:62.39,64.16 2 1
gitlab.computing.dcu.ie/collint9/2021-ca400-collint9-coynemt2/src/client/config/config.go:68.2,69.16 2 0
gitlab.computing.dcu.ie/collint9/2021-ca400-collint9-coynemt2/src/client/config/config.go:73.2,74.47 2 0
gitlab.computing.dcu.ie/collint9/2021-ca400-collint9-coynemt2/src/client/config/config.go:77.2,77.12 1 0
gitlab.computing.dcu.ie/collint9/2021-ca400-collint9-coynemt2/src/client/config/config.go:64.16,66.3 1 1
gitlab.computing.dcu.ie/collint9/2021-ca400-collint9-coynemt2/src/client/config/config.go:69.16,71.3 1 0
gitlab.computing.dcu.ie/collint9/2021-ca400-collint9-coynemt2/src/client/config/config.go:74.47,76.3 1 0
gitlab.computing.dcu.ie/collint9/2021-ca400-collint9-coynemt2/src/config/read.go:15.13,17.16 2 1
gitlab.computing.dcu.ie/collint9/2021-ca400-collint9-coynemt2/src/config/read.go:21.2,22.46 2 1
gitlab.computing.dcu.ie/collint9/2021-ca400-collint9-coynemt2/src/config/read.go:17.16,20.3 2 0
gitlab.computing.dcu.ie/collint9/2021-ca400-collint9-coynemt2/src/config/read.go:26.43,31.16 3 1
gitlab.computing.dcu.ie/collint9/2021-ca400-collint9-coynemt2/src/config/read.go:42.2,44.45 2 1
gitlab.computing.dcu.ie/collint9/2021-ca400-collint9-coynemt2/src/config/read.go:48.2,49.12 2 1
gitlab.computing.dcu.ie/collint9/2021-ca400-collint9-coynemt2/src/config/read.go:31.16,34.3 1 1
gitlab.computing.dcu.ie/collint9/2021-ca400-collint9-coynemt2/src/config/read.go:34.8,39.3 3 1
gitlab.computing.dcu.ie/collint9/2021-ca400-collint9-coynemt2/src/config/read.go:44.45,46.3 1 1
gitlab.computing.dcu.ie/collint9/2021-ca400-collint9-coynemt2/src/config/read.go:54.102,56.54 2 1
gitlab.computing.dcu.ie/collint9/2021-ca400-collint9-coynemt2/src/config/read.go:79.2,79.19 1 1
gitlab.computing.dcu.ie/collint9/2021-ca400-collint9-coynemt2/src/config/read.go:56.54,60.17 3 1
gitlab.computing.dcu.ie/collint9/2021-ca400-collint9-coynemt2/src/config/read.go:64.3,64.17 1 1
gitlab.computing.dcu.ie/collint9/2021-ca400-collint9-coynemt2/src/config/read.go:68.3,69.69 2 1
gitlab.computing.dcu.ie/collint9/2021-ca400-collint9-coynemt2/src/config/read.go:73.3,73.47 1 1
gitlab.computing.dcu.ie/collint9/2021-ca400-collint9-coynemt2/src/config/read.go:77.3,77.19 1 1
gitlab.computing.dcu.ie/collint9/2021-ca400-collint9-coynemt2/src/config/read.go:60.17,62.4 1 0
gitlab.computing.dcu.ie/collint9/2021-ca400-collint9-coynemt2/src/config/read.go:64.17,66.4 1 1
gitlab.computing.dcu.ie/collint9/2021-ca400-collint9-coynemt2/src/config/read.go:69.69,71.4 1 0
gitlab.computing.dcu.ie/collint9/2021-ca400-collint9-coynemt2/src/config/read.go:73.47,75.4 1 0
gitlab.computing.dcu.ie/collint9/2021-ca400-collint9-coynemt2/src/config/setup.go:14.61,17.14 2 1
gitlab.computing.dcu.ie/collint9/2021-ca400-collint9-coynemt2/src/config/setup.go:21.2,24.43 3 0
gitlab.computing.dcu.ie/collint9/2021-ca400-collint9-coynemt2/src/config/setup.go:49.2,49.20 1 0
gitlab.computing.dcu.ie/collint9/2021-ca400-collint9-coynemt2/src/config/setup.go:17.14,19.3 1 1
gitlab.computing.dcu.ie/collint9/2021-ca400-collint9-coynemt2/src/config/setup.go:24.43,28.10 3 0
gitlab.computing.dcu.ie/collint9/2021-ca400-collint9-coynemt2/src/config/setup.go:32.3,32.41 1 0
gitlab.computing.dcu.ie/collint9/2021-ca400-collint9-coynemt2/src/config/setup.go:46.3,46.32 1 0
gitlab.computing.dcu.ie/collint9/2021-ca400-collint9-coynemt2/src/config/setup.go:28.10,30.4 1 0
gitlab.computing.dcu.ie/collint9/2021-ca400-collint9-coynemt2/src/config/setup.go:32.41,35.41 2 0
gitlab.computing.dcu.ie/collint9/2021-ca400-collint9-coynemt2/src/config/setup.go:39.4,41.55 3 0
gitlab.computing.dcu.ie/collint9/2021-ca400-collint9-coynemt2/src/config/setup.go:44.4,44.30 1 0
gitlab.computing.dcu.ie/collint9/2021-ca400-collint9-coynemt2/src/config/setup.go:35.41,36.13 1 0
gitlab.computing.dcu.ie/collint9/2021-ca400-collint9-coynemt2/src/config/setup.go:41.55,42.13 1 0
gitlab.computing.dcu.ie/collint9/2021-ca400-collint9-coynemt2/src/config/write.go:8.54,11.50 2 1
gitlab.computing.dcu.ie/collint9/2021-ca400-collint9-coynemt2/src/config/write.go:15.2,16.12 2 1
gitlab.computing.dcu.ie/collint9/2021-ca400-collint9-coynemt2/src/config/write.go:11.50,13.3 1 0
gitlab.computing.dcu.ie/collint9/2021-ca400-collint9-coynemt2/src/files/appfs.go:10.33,13.2 2 1
gitlab.computing.dcu.ie/collint9/2021-ca400-collint9-coynemt2/src/client/cmd/user.go:21.53,24.16 3 0
gitlab.computing.dcu.ie/collint9/2021-ca400-collint9-coynemt2/src/client/cmd/user.go:28.2,30.16 3 0
gitlab.computing.dcu.ie/collint9/2021-ca400-collint9-coynemt2/src/client/cmd/user.go:34.2,34.59 1 0
gitlab.computing.dcu.ie/collint9/2021-ca400-collint9-coynemt2/src/client/cmd/user.go:39.2,40.8 2 0
gitlab.computing.dcu.ie/collint9/2021-ca400-collint9-coynemt2/src/client/cmd/user.go:24.16,26.3 1 0
gitlab.computing.dcu.ie/collint9/2021-ca400-collint9-coynemt2/src/client/cmd/user.go:30.16,32.3 1 0
gitlab.computing.dcu.ie/collint9/2021-ca400-collint9-coynemt2/src/client/cmd/user.go:34.59,37.3 2 0
gitlab.computing.dcu.ie/collint9/2021-ca400-collint9-coynemt2/src/client/cmd/user.go:44.43,47.17 2 0
gitlab.computing.dcu.ie/collint9/2021-ca400-collint9-coynemt2/src/client/cmd/user.go:54.2,54.16 1 0
gitlab.computing.dcu.ie/collint9/2021-ca400-collint9-coynemt2/src/client/cmd/user.go:61.2,62.16 2 0
gitlab.computing.dcu.ie/collint9/2021-ca400-collint9-coynemt2/src/client/cmd/user.go:66.2,72.16 2 0
gitlab.computing.dcu.ie/collint9/2021-ca400-collint9-coynemt2/src/client/cmd/user.go:76.2,76.26 1 0
gitlab.computing.dcu.ie/collint9/2021-ca400-collint9-coynemt2/src/client/cmd/user.go:47.17,49.21 2 0
gitlab.computing.dcu.ie/collint9/2021-ca400-collint9-coynemt2/src/client/cmd/user.go:49.21,51.4 1 0
gitlab.computing.dcu.ie/collint9/2021-ca400-collint9-coynemt2/src/client/cmd/user.go:54.16,56.21 2 0
gitlab.computing.dcu.ie/collint9/2021-ca400-collint9-coynemt2/src/client/cmd/user.go:56.21,58.4 1 0
gitlab.computing.dcu.ie/collint9/2021-ca400-collint9-coynemt2/src/client/cmd/user.go:62.16,64.3 1 0
gitlab.computing.dcu.ie/collint9/2021-ca400-collint9-coynemt2/src/client/cmd/user.go:72.16,74.3 1 0
gitlab.computing.dcu.ie/collint9/2021-ca400-collint9-coynemt2/src/client/cmd/user.go:84.47,86.17 2 0
gitlab.computing.dcu.ie/collint9/2021-ca400-collint9-coynemt2/src/client/cmd/user.go:96.3,96.47 1 0
gitlab.computing.dcu.ie/collint9/2021-ca400-collint9-coynemt2/src/client/cmd/user.go:86.17,88.41 2 0
gitlab.computing.dcu.ie/collint9/2021-ca400-collint9-coynemt2/src/client/cmd/user.go:92.4,93.10 2 0
gitlab.computing.dcu.ie/collint9/2021-ca400-collint9-coynemt2/src/client/cmd/user.go:88.41,91.5 2 0
gitlab.computing.dcu.ie/collint9/2021-ca400-collint9-coynemt2/src/client/cmd/user.go:100.13,104.2 3 1
gitlab.computing.dcu.ie/collint9/2021-ca400-collint9-coynemt2/src/client/cmd/delete.go:20.28,23.53 3 0
gitlab.computing.dcu.ie/collint9/2021-ca400-collint9-coynemt2/src/client/cmd/delete.go:27.2,28.36 2 0
gitlab.computing.dcu.ie/collint9/2021-ca400-collint9-coynemt2/src/client/cmd/delete.go:39.2,39.12 1 0
gitlab.computing.dcu.ie/collint9/2021-ca400-collint9-coynemt2/src/client/cmd/delete.go:23.53,25.3 1 0
gitlab.computing.dcu.ie/collint9/2021-ca400-collint9-coynemt2/src/client/cmd/delete.go:28.36,30.17 2 0
gitlab.computing.dcu.ie/collint9/2021-ca400-collint9-coynemt2/src/client/cmd/delete.go:33.3,33.35 1 0
gitlab.computing.dcu.ie/collint9/2021-ca400-collint9-coynemt2/src/client/cmd/delete.go:30.17,32.4 1 0
gitlab.computing.dcu.ie/collint9/2021-ca400-collint9-coynemt2/src/client/cmd/delete.go:34.8,34.42 1 0
gitlab.computing.dcu.ie/collint9/2021-ca400-collint9-coynemt2/src/client/cmd/delete.go:34.42,36.3 1 0
gitlab.computing.dcu.ie/collint9/2021-ca400-collint9-coynemt2/src/client/cmd/delete.go:36.8,38.3 1 0
gitlab.computing.dcu.ie/collint9/2021-ca400-collint9-coynemt2/src/client/cmd/delete.go:43.30,45.16 2 0
gitlab.computing.dcu.ie/collint9/2021-ca400-collint9-coynemt2/src/client/cmd/delete.go:48.2,49.12 2 0
gitlab.computing.dcu.ie/collint9/2021-ca400-collint9-coynemt2/src/client/cmd/delete.go:45.16,47.3 1 0
gitlab.computing.dcu.ie/collint9/2021-ca400-collint9-coynemt2/src/client/cmd/delete.go:53.28,55.16 2 0
gitlab.computing.dcu.ie/collint9/2021-ca400-collint9-coynemt2/src/client/cmd/delete.go:58.2,59.12 2 0
gitlab.computing.dcu.ie/collint9/2021-ca400-collint9-coynemt2/src/client/cmd/delete.go:55.16,57.3 1 0
gitlab.computing.dcu.ie/collint9/2021-ca400-collint9-coynemt2/src/client/cmd/delete.go:69.47,70.37 1 0
gitlab.computing.dcu.ie/collint9/2021-ca400-collint9-coynemt2/src/client/cmd/delete.go:70.37,72.44 2 0
gitlab.computing.dcu.ie/collint9/2021-ca400-collint9-coynemt2/src/client/cmd/delete.go:72.44,74.5 1 0
gitlab.computing.dcu.ie/collint9/2021-ca400-collint9-coynemt2/src/client/cmd/delete.go:75.9,75.34 1 0
gitlab.computing.dcu.ie/collint9/2021-ca400-collint9-coynemt2/src/client/cmd/delete.go:75.34,76.44 1 0
gitlab.computing.dcu.ie/collint9/2021-ca400-collint9-coynemt2/src/client/cmd/delete.go:76.44,78.5 1 0
gitlab.computing.dcu.ie/collint9/2021-ca400-collint9-coynemt2/src/client/cmd/delete.go:79.9,79.31 1 0
gitlab.computing.dcu.ie/collint9/2021-ca400-collint9-coynemt2/src/client/cmd/delete.go:79.31,80.42 1 0
gitlab.computing.dcu.ie/collint9/2021-ca400-collint9-coynemt2/src/client/cmd/delete.go:80.42,82.5 1 0
gitlab.computing.dcu.ie/collint9/2021-ca400-collint9-coynemt2/src/client/cmd/delete.go:83.9,83.35 1 0
gitlab.computing.dcu.ie/collint9/2021-ca400-collint9-coynemt2/src/client/cmd/delete.go:83.35,84.42 1 0
gitlab.computing.dcu.ie/collint9/2021-ca400-collint9-coynemt2/src/client/cmd/delete.go:84.42,86.5 1 0
gitlab.computing.dcu.ie/collint9/2021-ca400-collint9-coynemt2/src/client/cmd/delete.go:87.9,89.4 1 0
gitlab.computing.dcu.ie/collint9/2021-ca400-collint9-coynemt2/src/client/cmd/delete.go:93.13,109.2 4 1
gitlab.computing.dcu.ie/collint9/2021-ca400-collint9-coynemt2/src/client/cmd/get.go:22.45,24.25 2 0
gitlab.computing.dcu.ie/collint9/2021-ca400-collint9-coynemt2/src/client/cmd/get.go:28.2,29.16 2 0
gitlab.computing.dcu.ie/collint9/2021-ca400-collint9-coynemt2/src/client/cmd/get.go:33.2,41.16 4 0
gitlab.computing.dcu.ie/collint9/2021-ca400-collint9-coynemt2/src/client/cmd/get.go:45.2,46.12 2 0
gitlab.computing.dcu.ie/collint9/2021-ca400-collint9-coynemt2/src/client/cmd/get.go:24.25,26.3 1 0
gitlab.computing.dcu.ie/collint9/2021-ca400-collint9-coynemt2/src/client/cmd/get.go:29.16,31.3 1 0
gitlab.computing.dcu.ie/collint9/2021-ca400-collint9-coynemt2/src/client/cmd/get.go:41.16,43.3 1 0
gitlab.computing.dcu.ie/collint9/2021-ca400-collint9-coynemt2/src/client/cmd/get.go:50.28,57.16 2 0
gitlab.computing.dcu.ie/collint9/2021-ca400-collint9-coynemt2/src/client/cmd/get.go:61.2,61.52 1 0
gitlab.computing.dcu.ie/collint9/2021-ca400-collint9-coynemt2/src/client/cmd/get.go:64.2,64.12 1 0
gitlab.computing.dcu.ie/collint9/2021-ca400-collint9-coynemt2/src/client/cmd/get.go:57.16,59.3 1 0
gitlab.computing.dcu.ie/collint9/2021-ca400-collint9-coynemt2/src/client/cmd/get.go:61.52,63.3 1 0
gitlab.computing.dcu.ie/collint9/2021-ca400-collint9-coynemt2/src/client/cmd/get.go:68.26,75.16 2 0
gitlab.computing.dcu.ie/collint9/2021-ca400-collint9-coynemt2/src/client/cmd/get.go:79.2,79.52 1 0
gitlab.computing.dcu.ie/collint9/2021-ca400-collint9-coynemt2/src/client/cmd/get.go:82.2,82.12 1 0
gitlab.computing.dcu.ie/collint9/2021-ca400-collint9-coynemt2/src/client/cmd/get.go:75.16,77.3 1 0
gitlab.computing.dcu.ie/collint9/2021-ca400-collint9-coynemt2/src/client/cmd/get.go:79.52,81.3 1 0
gitlab.computing.dcu.ie/collint9/2021-ca400-collint9-coynemt2/src/client/cmd/get.go:87.58,88.36 1 0
gitlab.computing.dcu.ie/collint9/2021-ca400-collint9-coynemt2/src/client/cmd/get.go:104.2,104.12 1 0
gitlab.computing.dcu.ie/collint9/2021-ca400-collint9-coynemt2/src/client/cmd/get.go:88.36,90.41 2 0
gitlab.computing.dcu.ie/collint9/2021-ca400-collint9-coynemt2/src/client/cmd/get.go:90.41,92.4 1 0
gitlab.computing.dcu.ie/collint9/2021-ca400-collint9-coynemt2/src/client/cmd/get.go:93.8,93.30 1 0
gitlab.computing.dcu.ie/collint9/2021-ca400-collint9-coynemt2/src/client/cmd/get.go:93.30,94.41 1 0
gitlab.computing.dcu.ie/collint9/2021-ca400-collint9-coynemt2/src/client/cmd/get.go:94.41,96.4 1 0
gitlab.computing.dcu.ie/collint9/2021-ca400-collint9-coynemt2/src/client/cmd/get.go:97.8,97.27 1 0
gitlab.computing.dcu.ie/collint9/2021-ca400-collint9-coynemt2/src/client/cmd/get.go:97.27,98.39 1 0
gitlab.computing.dcu.ie/collint9/2021-ca400-collint9-coynemt2/src/client/cmd/get.go:98.39,100.4 1 0
gitlab.computing.dcu.ie/collint9/2021-ca400-collint9-coynemt2/src/client/cmd/get.go:101.8,103.3 1 0
gitlab.computing.dcu.ie/collint9/2021-ca400-collint9-coynemt2/src/client/cmd/get.go:108.33,120.48 1 1
gitlab.computing.dcu.ie/collint9/2021-ca400-collint9-coynemt2/src/client/cmd/get.go:128.2,131.15 4 1
gitlab.computing.dcu.ie/collint9/2021-ca400-collint9-coynemt2/src/client/cmd/get.go:120.48,122.48 2 0
gitlab.computing.dcu.ie/collint9/2021-ca400-collint9-coynemt2/src/client/cmd/get.go:122.48,124.5 1 0
gitlab.computing.dcu.ie/collint9/2021-ca400-collint9-coynemt2/src/client/cmd/get.go:134.13,136.2 1 1
gitlab.computing.dcu.ie/collint9/2021-ca400-collint9-coynemt2/src/client/cmd/new.go:12.47,14.3 1 0
gitlab.computing.dcu.ie/collint9/2021-ca400-collint9-coynemt2/src/client/cmd/new.go:17.13,19.2 1 1
gitlab.computing.dcu.ie/collint9/2021-ca400-collint9-coynemt2/src/client/cmd/rmdir.go:22.57,23.17 1 0
gitlab.computing.dcu.ie/collint9/2021-ca400-collint9-coynemt2/src/client/cmd/rmdir.go:32.2,37.16 2 0
gitlab.computing.dcu.ie/collint9/2021-ca400-collint9-coynemt2/src/client/cmd/rmdir.go:41.2,41.18 1 0
gitlab.computing.dcu.ie/collint9/2021-ca400-collint9-coynemt2/src/client/cmd/rmdir.go:23.17,27.56 4 0
gitlab.computing.dcu.ie/collint9/2021-ca400-collint9-coynemt2/src/client/cmd/rmdir.go:27.56,29.4 1 0
gitlab.computing.dcu.ie/collint9/2021-ca400-collint9-coynemt2/src/client/cmd/rmdir.go:37.16,39.3 1 0
gitlab.computing.dcu.ie/collint9/2021-ca400-collint9-coynemt2/src/client/cmd/rmdir.go:49.47,50.19 1 0
gitlab.computing.dcu.ie/collint9/2021-ca400-collint9-coynemt2/src/client/cmd/rmdir.go:55.3,56.17 2 0
gitlab.computing.dcu.ie/collint9/2021-ca400-collint9-coynemt2/src/client/cmd/rmdir.go:60.3,60.14 1 0
gitlab.computing.dcu.ie/collint9/2021-ca400-collint9-coynemt2/src/client/cmd/rmdir.go:50.19,53.4 2 0
gitlab.computing.dcu.ie/collint9/2021-ca400-collint9-coynemt2/src/client/cmd/rmdir.go:56.17,58.4 1 0
gitlab.computing.dcu.ie/collint9/2021-ca400-collint9-coynemt2/src/client/cmd/rmdir.go:60.14,62.4 1 0
gitlab.computing.dcu.ie/collint9/2021-ca400-collint9-coynemt2/src/client/cmd/rmdir.go:66.13,70.2 3 1
gitlab.computing.dcu.ie/collint9/2021-ca400-collint9-coynemt2/src/client/cmd/root.go:27.16,28.28 1 0
gitlab.computing.dcu.ie/collint9/2021-ca400-collint9-coynemt2/src/client/cmd/root.go:37.2,37.35 1 0
gitlab.computing.dcu.ie/collint9/2021-ca400-collint9-coynemt2/src/client/cmd/root.go:28.28,31.28 2 0
gitlab.computing.dcu.ie/collint9/2021-ca400-collint9-coynemt2/src/client/cmd/root.go:31.28,34.4 2 0
gitlab.computing.dcu.ie/collint9/2021-ca400-collint9-coynemt2/src/client/cmd/root.go:41.55,43.16 2 1
gitlab.computing.dcu.ie/collint9/2021-ca400-collint9-coynemt2/src/client/cmd/root.go:43.16,45.3 1 0
gitlab.computing.dcu.ie/collint9/2021-ca400-collint9-coynemt2/src/client/cmd/root.go:48.13,50.16 2 1
gitlab.computing.dcu.ie/collint9/2021-ca400-collint9-coynemt2/src/client/cmd/root.go:54.2,55.16 2 1
gitlab.computing.dcu.ie/collint9/2021-ca400-collint9-coynemt2/src/client/cmd/root.go:58.2,59.130 2 1
gitlab.computing.dcu.ie/collint9/2021-ca400-collint9-coynemt2/src/client/cmd/root.go:50.16,52.3 1 0
gitlab.computing.dcu.ie/collint9/2021-ca400-collint9-coynemt2/src/client/cmd/root.go:55.16,57.3 1 0
gitlab.computing.dcu.ie/collint9/2021-ca400-collint9-coynemt2/src/client/cmd/server.go:19.47,21.3 1 0
gitlab.computing.dcu.ie/collint9/2021-ca400-collint9-coynemt2/src/client/cmd/server.go:24.13,26.2 1 1
gitlab.computing.dcu.ie/collint9/2021-ca400-collint9-coynemt2/src/client/cmd/upload.go:17.65,25.48 1 1
gitlab.computing.dcu.ie/collint9/2021-ca400-collint9-coynemt2/src/client/cmd/upload.go:37.2,42.18 5 1
gitlab.computing.dcu.ie/collint9/2021-ca400-collint9-coynemt2/src/client/cmd/upload.go:25.48,29.51 3 1
gitlab.computing.dcu.ie/collint9/2021-ca400-collint9-coynemt2/src/client/cmd/upload.go:32.4,33.21 2 1
gitlab.computing.dcu.ie/collint9/2021-ca400-collint9-coynemt2/src/client/cmd/upload.go:29.51,31.5 1 0
gitlab.computing.dcu.ie/collint9/2021-ca400-collint9-coynemt2/src/client/cmd/upload.go:48.40,51.16 2 0
gitlab.computing.dcu.ie/collint9/2021-ca400-collint9-coynemt2/src/client/cmd/upload.go:54.2,58.16 3 0
gitlab.computing.dcu.ie/collint9/2021-ca400-collint9-coynemt2/src/client/cmd/upload.go:61.2,63.16 2 0
gitlab.computing.dcu.ie/collint9/2021-ca400-collint9-coynemt2/src/client/cmd/upload.go:66.2,67.94 2 0
gitlab.computing.dcu.ie/collint9/2021-ca400-collint9-coynemt2/src/client/cmd/upload.go:51.16,53.3 1 0
gitlab.computing.dcu.ie/collint9/2021-ca400-collint9-coynemt2/src/client/cmd/upload.go:58.16,60.3 1 0
gitlab.computing.dcu.ie/collint9/2021-ca400-collint9-coynemt2/src/client/cmd/upload.go:63.16,65.3 1 0
gitlab.computing.dcu.ie/collint9/2021-ca400-collint9-coynemt2/src/client/cmd/upload.go:70.13,73.2 2 1
gitlab.computing.dcu.ie/collint9/2021-ca400-collint9-coynemt2/src/client/cmd/list.go:18.56,19.58 1 0
gitlab.computing.dcu.ie/collint9/2021-ca400-collint9-coynemt2/src/client/cmd/list.go:24.2,24.29 1 0
gitlab.computing.dcu.ie/collint9/2021-ca400-collint9-coynemt2/src/client/cmd/list.go:27.2,27.38 1 0
gitlab.computing.dcu.ie/collint9/2021-ca400-collint9-coynemt2/src/client/cmd/list.go:35.2,35.38 1 0
gitlab.computing.dcu.ie/collint9/2021-ca400-collint9-coynemt2/src/client/cmd/list.go:38.2,38.46 1 0
gitlab.computing.dcu.ie/collint9/2021-ca400-collint9-coynemt2/src/client/cmd/list.go:19.58,22.3 2 0
gitlab.computing.dcu.ie/collint9/2021-ca400-collint9-coynemt2/src/client/cmd/list.go:24.29,26.3 1 0
gitlab.computing.dcu.ie/collint9/2021-ca400-collint9-coynemt2/src/client/cmd/list.go:27.38,34.3 1 0
gitlab.computing.dcu.ie/collint9/2021-ca400-collint9-coynemt2/src/client/cmd/list.go:35.38,37.3 1 0
gitlab.computing.dcu.ie/collint9/2021-ca400-collint9-coynemt2/src/client/cmd/list.go:38.46,40.3 1 0
gitlab.computing.dcu.ie/collint9/2021-ca400-collint9-coynemt2/src/client/cmd/list.go:52.64,56.16 3 0
gitlab.computing.dcu.ie/collint9/2021-ca400-collint9-coynemt2/src/client/cmd/list.go:60.2,61.26 2 0
gitlab.computing.dcu.ie/collint9/2021-ca400-collint9-coynemt2/src/client/cmd/list.go:56.16,58.3 1 0
gitlab.computing.dcu.ie/collint9/2021-ca400-collint9-coynemt2/src/client/cmd/list.go:65.52,67.16 2 0
gitlab.computing.dcu.ie/collint9/2021-ca400-collint9-coynemt2/src/client/cmd/list.go:71.2,72.26 2 0
gitlab.computing.dcu.ie/collint9/2021-ca400-collint9-coynemt2/src/client/cmd/list.go:67.16,69.3 1 0
gitlab.computing.dcu.ie/collint9/2021-ca400-collint9-coynemt2/src/client/cmd/list.go:82.47,86.21 2 0
gitlab.computing.dcu.ie/collint9/2021-ca400-collint9-coynemt2/src/client/cmd/list.go:91.3,91.26 1 0
gitlab.computing.dcu.ie/collint9/2021-ca400-collint9-coynemt2/src/client/cmd/list.go:86.21,88.4 1 0
gitlab.computing.dcu.ie/collint9/2021-ca400-collint9-coynemt2/src/client/cmd/list.go:88.9,90.4 1 0
gitlab.computing.dcu.ie/collint9/2021-ca400-collint9-coynemt2/src/client/cmd/list.go:95.13,99.2 2 1
gitlab.computing.dcu.ie/collint9/2021-ca400-collint9-coynemt2/src/client/cmd/mkdir.go:16.39,17.19 1 1
gitlab.computing.dcu.ie/collint9/2021-ca400-collint9-coynemt2/src/client/cmd/mkdir.go:20.2,21.36 2 1
gitlab.computing.dcu.ie/collint9/2021-ca400-collint9-coynemt2/src/client/cmd/mkdir.go:24.2,24.14 1 1
gitlab.computing.dcu.ie/collint9/2021-ca400-collint9-coynemt2/src/client/cmd/mkdir.go:17.19,19.3 1 1
gitlab.computing.dcu.ie/collint9/2021-ca400-collint9-coynemt2/src/client/cmd/mkdir.go:21.36,23.3 1 1
gitlab.computing.dcu.ie/collint9/2021-ca400-collint9-coynemt2/src/client/cmd/mkdir.go:28.44,28.65 1 0
gitlab.computing.dcu.ie/collint9/2021-ca400-collint9-coynemt2/src/client/cmd/mkdir.go:31.49,35.41 3 0
gitlab.computing.dcu.ie/collint9/2021-ca400-collint9-coynemt2/src/client/cmd/mkdir.go:40.2,40.19 1 0
gitlab.computing.dcu.ie/collint9/2021-ca400-collint9-coynemt2/src/client/cmd/mkdir.go:35.41,38.3 2 0
gitlab.computing.dcu.ie/collint9/2021-ca400-collint9-coynemt2/src/client/cmd/mkdir.go:40.19,43.28 2 0
gitlab.computing.dcu.ie/collint9/2021-ca400-collint9-coynemt2/src/client/cmd/mkdir.go:48.3,54.17 2 0
gitlab.computing.dcu.ie/collint9/2021-ca400-collint9-coynemt2/src/client/cmd/mkdir.go:59.3,60.54 2 0
gitlab.computing.dcu.ie/collint9/2021-ca400-collint9-coynemt2/src/client/cmd/mkdir.go:43.28,46.4 2 0
gitlab.computing.dcu.ie/collint9/2021-ca400-collint9-coynemt2/src/client/cmd/mkdir.go:54.17,57.4 2 0
gitlab.computing.dcu.ie/collint9/2021-ca400-collint9-coynemt2/src/client/cmd/mkdir.go:73.47,75.3 1 0
gitlab.computing.dcu.ie/collint9/2021-ca400-collint9-coynemt2/src/client/cmd/mkdir.go:80.13,88.2 2 1
gitlab.computing.dcu.ie/collint9/2021-ca400-collint9-coynemt2/src/client/cmd/move.go:13.35,21.2 2 0
gitlab.computing.dcu.ie/collint9/2021-ca400-collint9-coynemt2/src/client/cmd/move.go:25.87,32.16 3 0
gitlab.computing.dcu.ie/collint9/2021-ca400-collint9-coynemt2/src/client/cmd/move.go:35.2,35.31 1 0
gitlab.computing.dcu.ie/collint9/2021-ca400-collint9-coynemt2/src/client/cmd/move.go:32.16,34.3 1 0
gitlab.computing.dcu.ie/collint9/2021-ca400-collint9-coynemt2/src/client/cmd/move.go:40.91,47.16 3 0
gitlab.computing.dcu.ie/collint9/2021-ca400-collint9-coynemt2/src/client/cmd/move.go:50.2,50.31 1 0
gitlab.computing.dcu.ie/collint9/2021-ca400-collint9-coynemt2/src/client/cmd/move.go:47.16,49.3 1 0
gitlab.computing.dcu.ie/collint9/2021-ca400-collint9-coynemt2/src/client/cmd/move.go:69.47,76.37 2 0
gitlab.computing.dcu.ie/collint9/2021-ca400-collint9-coynemt2/src/client/cmd/move.go:84.3,90.22 2 0
gitlab.computing.dcu.ie/collint9/2021-ca400-collint9-coynemt2/src/client/cmd/move.go:98.3,98.17 1 0
gitlab.computing.dcu.ie/collint9/2021-ca400-collint9-coynemt2/src/client/cmd/move.go:101.3,101.18 1 0
gitlab.computing.dcu.ie/collint9/2021-ca400-collint9-coynemt2/src/client/cmd/move.go:76.37,79.38 2 0
gitlab.computing.dcu.ie/collint9/2021-ca400-collint9-coynemt2/src/client/cmd/move.go:79.38,81.5 1 0
gitlab.computing.dcu.ie/collint9/2021-ca400-collint9-coynemt2/src/client/cmd/move.go:90.22,92.4 1 0
gitlab.computing.dcu.ie/collint9/2021-ca400-collint9-coynemt2/src/client/cmd/move.go:92.9,92.39 1 0
gitlab.computing.dcu.ie/collint9/2021-ca400-collint9-coynemt2/src/client/cmd/move.go:92.39,94.4 1 0
gitlab.computing.dcu.ie/collint9/2021-ca400-collint9-coynemt2/src/client/cmd/move.go:94.9,96.4 1 0
gitlab.computing.dcu.ie/collint9/2021-ca400-collint9-coynemt2/src/client/cmd/move.go:98.17,100.4 1 0
gitlab.computing.dcu.ie/collint9/2021-ca400-collint9-coynemt2/src/client/cmd/move.go:105.13,111.2 5 1
gitlab.computing.dcu.ie/collint9/2021-ca400-collint9-coynemt2/src/client/cmd/register.go:14.13,18.2 3 1
gitlab.computing.dcu.ie/collint9/2021-ca400-collint9-coynemt2/src/client/cmd/ui.go:21.47,28.28 5 0
gitlab.computing.dcu.ie/collint9/2021-ca400-collint9-coynemt2/src/client/cmd/ui.go:31.3,32.17 2 0
gitlab.computing.dcu.ie/collint9/2021-ca400-collint9-coynemt2/src/client/cmd/ui.go:37.3,37.21 1 0
gitlab.computing.dcu.ie/collint9/2021-ca400-collint9-coynemt2/src/client/cmd/ui.go:28.28,30.4 1 0
gitlab.computing.dcu.ie/collint9/2021-ca400-collint9-coynemt2/src/client/cmd/ui.go:32.17,35.4 2 0
gitlab.computing.dcu.ie/collint9/2021-ca400-collint9-coynemt2/src/client/cmd/ui.go:41.13,44.2 2 1
gitlab.computing.dcu.ie/collint9/2021-ca400-collint9-coynemt2/src/client/cmd/ui.go:46.35,48.22 2 0
gitlab.computing.dcu.ie/collint9/2021-ca400-collint9-coynemt2/src/client/cmd/ui.go:56.2,57.27 2 0
gitlab.computing.dcu.ie/collint9/2021-ca400-collint9-coynemt2/src/client/cmd/ui.go:49.16,50.26 1 0
gitlab.computing.dcu.ie/collint9/2021-ca400-collint9-coynemt2/src/client/cmd/ui.go:51.17,52.40 1 0
gitlab.computing.dcu.ie/collint9/2021-ca400-collint9-coynemt2/src/client/cmd/ui.go:53.10,54.30 1 0
gitlab.computing.dcu.ie/collint9/2021-ca400-collint9-coynemt2/src/files/hash/hash.go:21.35,23.2 1 0
gitlab.computing.dcu.ie/collint9/2021-ca400-collint9-coynemt2/src/files/hash/hash.go:25.41,27.2 1 0
gitlab.computing.dcu.ie/collint9/2021-ca400-collint9-coynemt2/src/files/hash/hash.go:29.38,31.2 1 0
gitlab.computing.dcu.ie/collint9/2021-ca400-collint9-coynemt2/src/files/hash/hash.go:33.35,35.2 1 0
gitlab.computing.dcu.ie/collint9/2021-ca400-collint9-coynemt2/src/files/hash/hash.go:37.37,40.2 2 1
gitlab.computing.dcu.ie/collint9/2021-ca400-collint9-coynemt2/src/files/hash/hash.go:42.56,44.16 2 1
gitlab.computing.dcu.ie/collint9/2021-ca400-collint9-coynemt2/src/files/hash/hash.go:47.2,48.45 2 1
gitlab.computing.dcu.ie/collint9/2021-ca400-collint9-coynemt2/src/files/hash/hash.go:44.16,46.3 1 0
gitlab.computing.dcu.ie/collint9/2021-ca400-collint9-coynemt2/src/files/hash/hash.go:52.33,56.2 3 0
gitlab.computing.dcu.ie/collint9/2021-ca400-collint9-coynemt2/src/files/hash/hash.go:59.39,63.2 3 0
gitlab.computing.dcu.ie/collint9/2021-ca400-collint9-coynemt2/src/files/hash/validate.go:3.65,5.2 1 0
gitlab.computing.dcu.ie/collint9/2021-ca400-collint9-coynemt2/src/database/data.go:20.36,28.2 1 1
gitlab.computing.dcu.ie/collint9/2021-ca400-collint9-coynemt2/src/database/data.go:30.40,31.15 1 1
gitlab.computing.dcu.ie/collint9/2021-ca400-collint9-coynemt2/src/database/data.go:35.2,35.19 1 1
gitlab.computing.dcu.ie/collint9/2021-ca400-collint9-coynemt2/src/database/data.go:40.2,51.16 3 0
gitlab.computing.dcu.ie/collint9/2021-ca400-collint9-coynemt2/src/database/data.go:56.2,56.32 1 0
gitlab.computing.dcu.ie/collint9/2021-ca400-collint9-coynemt2/src/database/data.go:31.15,33.3 1 1
gitlab.computing.dcu.ie/collint9/2021-ca400-collint9-coynemt2/src/database/data.go:35.19,38.3 2 1
gitlab.computing.dcu.ie/collint9/2021-ca400-collint9-coynemt2/src/database/data.go:51.16,54.3 2 0
gitlab.computing.dcu.ie/collint9/2021-ca400-collint9-coynemt2/src/database/data.go:60.43,62.43 2 1
gitlab.computing.dcu.ie/collint9/2021-ca400-collint9-coynemt2/src/database/data.go:65.2,65.11 1 1
gitlab.computing.dcu.ie/collint9/2021-ca400-collint9-coynemt2/src/database/data.go:62.43,63.13 1 0
gitlab.computing.dcu.ie/collint9/2021-ca400-collint9-coynemt2/src/database/data.go:68.57,70.16 2 1
gitlab.computing.dcu.ie/collint9/2021-ca400-collint9-coynemt2/src/database/data.go:75.2,82.46 6 1
gitlab.computing.dcu.ie/collint9/2021-ca400-collint9-coynemt2/src/database/data.go:85.2,85.16 1 1
gitlab.computing.dcu.ie/collint9/2021-ca400-collint9-coynemt2/src/database/data.go:70.16,72.3 1 0
gitlab.computing.dcu.ie/collint9/2021-ca400-collint9-coynemt2/src/database/data.go:82.46,84.3 1 0
gitlab.computing.dcu.ie/collint9/2021-ca400-collint9-coynemt2/src/database/data.go:88.41,90.16 2 1
gitlab.computing.dcu.ie/collint9/2021-ca400-collint9-coynemt2/src/database/data.go:94.2,94.19 1 1
gitlab.computing.dcu.ie/collint9/2021-ca400-collint9-coynemt2/src/database/data.go:100.2,100.38 1 1
gitlab.computing.dcu.ie/collint9/2021-ca400-collint9-coynemt2/src/database/data.go:105.2,105.16 1 1
gitlab.computing.dcu.ie/collint9/2021-ca400-collint9-coynemt2/src/database/data.go:90.16,92.3 1 0
gitlab.computing.dcu.ie/collint9/2021-ca400-collint9-coynemt2/src/database/data.go:94.19,95.111 1 0
gitlab.computing.dcu.ie/collint9/2021-ca400-collint9-coynemt2/src/database/data.go:95.111,97.4 1 0
gitlab.computing.dcu.ie/collint9/2021-ca400-collint9-coynemt2/src/database/data.go:100.38,103.3 2 0
gitlab.computing.dcu.ie/collint9/2021-ca400-collint9-coynemt2/src/database/test_helper.go:33.42,34.19 1 1
gitlab.computing.dcu.ie/collint9/2021-ca400-collint9-coynemt2/src/database/test_helper.go:38.2,42.15 4 1
gitlab.computing.dcu.ie/collint9/2021-ca400-collint9-coynemt2/src/database/test_helper.go:34.19,36.3 1 1
gitlab.computing.dcu.ie/collint9/2021-ca400-collint9-coynemt2/src/database/test_helper.go:45.70,48.15 2 1
gitlab.computing.dcu.ie/collint9/2021-ca400-collint9-coynemt2/src/database/test_helper.go:50.2,67.32 8 1
gitlab.computing.dcu.ie/collint9/2021-ca400-collint9-coynemt2/src/database/test_helper.go:48.15,48.43 1 1
gitlab.computing.dcu.ie/collint9/2021-ca400-collint9-coynemt2/src/database/test_helper.go:67.32,68.16 1 1
gitlab.computing.dcu.ie/collint9/2021-ca400-collint9-coynemt2/src/database/test_helper.go:69.3,69.16 1 1
gitlab.computing.dcu.ie/collint9/2021-ca400-collint9-coynemt2/src/database/test_helper.go:68.16,68.44 1 1
gitlab.computing.dcu.ie/collint9/2021-ca400-collint9-coynemt2/src/server/config/config.go:76.39,84.2 1 1
gitlab.computing.dcu.ie/collint9/2021-ca400-collint9-coynemt2/src/server/config/config.go:96.30,102.2 1 0
gitlab.computing.dcu.ie/collint9/2021-ca400-collint9-coynemt2/src/server/config/config.go:104.13,106.2 1 1
gitlab.computing.dcu.ie/collint9/2021-ca400-collint9-coynemt2/src/server/config/config.go:108.39,110.16 2 1
gitlab.computing.dcu.ie/collint9/2021-ca400-collint9-coynemt2/src/server/config/config.go:114.2,115.16 2 1
gitlab.computing.dcu.ie/collint9/2021-ca400-collint9-coynemt2/src/server/config/config.go:119.2,120.47 2 1
gitlab.computing.dcu.ie/collint9/2021-ca400-collint9-coynemt2/src/server/config/config.go:124.2,124.12 1 1
gitlab.computing.dcu.ie/collint9/2021-ca400-collint9-coynemt2/src/server/config/config.go:110.16,112.3 1 0
gitlab.computing.dcu.ie/collint9/2021-ca400-collint9-coynemt2/src/server/config/config.go:115.16,117.3 1 0
gitlab.computing.dcu.ie/collint9/2021-ca400-collint9-coynemt2/src/server/config/config.go:120.47,123.3 2 0
gitlab.computing.dcu.ie/collint9/2021-ca400-collint9-coynemt2/src/setup/dirs.go:7.45,8.27 1 1
gitlab.computing.dcu.ie/collint9/2021-ca400-collint9-coynemt2/src/setup/dirs.go:13.2,13.12 1 1
gitlab.computing.dcu.ie/collint9/2021-ca400-collint9-coynemt2/src/setup/dirs.go:8.27,9.48 1 1
gitlab.computing.dcu.ie/collint9/2021-ca400-collint9-coynemt2/src/setup/dirs.go:9.48,11.4 1 0
gitlab.computing.dcu.ie/collint9/2021-ca400-collint9-coynemt2/src/server/jobs/certs.go:26.43,32.76 2 0
gitlab.computing.dcu.ie/collint9/2021-ca400-collint9-coynemt2/src/server/jobs/certs.go:35.2,35.29 1 0
gitlab.computing.dcu.ie/collint9/2021-ca400-collint9-coynemt2/src/server/jobs/certs.go:38.2,38.133 1 0
gitlab.computing.dcu.ie/collint9/2021-ca400-collint9-coynemt2/src/server/jobs/certs.go:41.2,41.65 1 0
gitlab.computing.dcu.ie/collint9/2021-ca400-collint9-coynemt2/src/server/jobs/certs.go:45.2,48.98 3 0
gitlab.computing.dcu.ie/collint9/2021-ca400-collint9-coynemt2/src/server/jobs/certs.go:52.2,53.65 2 0
gitlab.computing.dcu.ie/collint9/2021-ca400-collint9-coynemt2/src/server/jobs/certs.go:56.2,60.17 2 0
gitlab.computing.dcu.ie/collint9/2021-ca400-collint9-coynemt2/src/server/jobs/certs.go:63.2,63.8 1 0
gitlab.computing.dcu.ie/collint9/2021-ca400-collint9-coynemt2/src/server/jobs/certs.go:32.76,34.3 1 0
gitlab.computing.dcu.ie/collint9/2021-ca400-collint9-coynemt2/src/server/jobs/certs.go:35.29,37.3 1 0
gitlab.computing.dcu.ie/collint9/2021-ca400-collint9-coynemt2/src/server/jobs/certs.go:38.133,40.3 1 0
gitlab.computing.dcu.ie/collint9/2021-ca400-collint9-coynemt2/src/server/jobs/certs.go:41.65,43.3 1 0
gitlab.computing.dcu.ie/collint9/2021-ca400-collint9-coynemt2/src/server/jobs/certs.go:48.98,50.3 1 0
gitlab.computing.dcu.ie/collint9/2021-ca400-collint9-coynemt2/src/server/jobs/certs.go:53.65,55.3 1 0
gitlab.computing.dcu.ie/collint9/2021-ca400-collint9-coynemt2/src/server/jobs/certs.go:60.17,62.3 1 0
gitlab.computing.dcu.ie/collint9/2021-ca400-collint9-coynemt2/src/server/jobs/certs.go:66.84,67.40 1 0
gitlab.computing.dcu.ie/collint9/2021-ca400-collint9-coynemt2/src/server/jobs/certs.go:71.2,86.121 3 0
gitlab.computing.dcu.ie/collint9/2021-ca400-collint9-coynemt2/src/server/jobs/certs.go:91.2,103.36 2 0
gitlab.computing.dcu.ie/collint9/2021-ca400-collint9-coynemt2/src/server/jobs/certs.go:107.2,107.135 1 0
gitlab.computing.dcu.ie/collint9/2021-ca400-collint9-coynemt2/src/server/jobs/certs.go:112.2,123.135 2 0
gitlab.computing.dcu.ie/collint9/2021-ca400-collint9-coynemt2/src/server/jobs/certs.go:127.2,127.8 1 0
gitlab.computing.dcu.ie/collint9/2021-ca400-collint9-coynemt2/src/server/jobs/certs.go:67.40,69.3 1 0
gitlab.computing.dcu.ie/collint9/2021-ca400-collint9-coynemt2/src/server/jobs/certs.go:86.121,88.3 1 0
gitlab.computing.dcu.ie/collint9/2021-ca400-collint9-coynemt2/src/server/jobs/certs.go:103.36,105.3 1 0
gitlab.computing.dcu.ie/collint9/2021-ca400-collint9-coynemt2/src/server/jobs/certs.go:107.135,109.3 1 0
gitlab.computing.dcu.ie/collint9/2021-ca400-collint9-coynemt2/src/server/jobs/certs.go:123.135,125.3 1 0
gitlab.computing.dcu.ie/collint9/2021-ca400-collint9-coynemt2/src/server/jobs/reassemble.go:17.110,24.42 6 1
gitlab.computing.dcu.ie/collint9/2021-ca400-collint9-coynemt2/src/server/jobs/reassemble.go:31.2,31.33 1 1
gitlab.computing.dcu.ie/collint9/2021-ca400-collint9-coynemt2/src/server/jobs/reassemble.go:24.42,29.3 3 0
gitlab.computing.dcu.ie/collint9/2021-ca400-collint9-coynemt2/src/server/jobs/reassemble.go:35.63,44.16 3 0
gitlab.computing.dcu.ie/collint9/2021-ca400-collint9-coynemt2/src/server/jobs/reassemble.go:48.2,52.66 3 0
gitlab.computing.dcu.ie/collint9/2021-ca400-collint9-coynemt2/src/server/jobs/reassemble.go:62.2,63.16 2 0
gitlab.computing.dcu.ie/collint9/2021-ca400-collint9-coynemt2/src/server/jobs/reassemble.go:67.2,70.16 3 0
gitlab.computing.dcu.ie/collint9/2021-ca400-collint9-coynemt2/src/server/jobs/reassemble.go:74.2,74.39 1 0
gitlab.computing.dcu.ie/collint9/2021-ca400-collint9-coynemt2/src/server/jobs/reassemble.go:93.2,93.54 1 0
gitlab.computing.dcu.ie/collint9/2021-ca400-collint9-coynemt2/src/server/jobs/reassemble.go:97.2,98.12 2 0
gitlab.computing.dcu.ie/collint9/2021-ca400-collint9-coynemt2/src/server/jobs/reassemble.go:44.16,46.3 1 0
gitlab.computing.dcu.ie/collint9/2021-ca400-collint9-coynemt2/src/server/jobs/reassemble.go:52.66,54.36 2 0
gitlab.computing.dcu.ie/collint9/2021-ca400-collint9-coynemt2/src/server/jobs/reassemble.go:54.36,56.76 2 0
gitlab.computing.dcu.ie/collint9/2021-ca400-collint9-coynemt2/src/server/jobs/reassemble.go:56.76,58.5 1 0
gitlab.computing.dcu.ie/collint9/2021-ca400-collint9-coynemt2/src/server/jobs/reassemble.go:63.16,65.3 1 0
gitlab.computing.dcu.ie/collint9/2021-ca400-collint9-coynemt2/src/server/jobs/reassemble.go:70.16,72.3 1 0
gitlab.computing.dcu.ie/collint9/2021-ca400-collint9-coynemt2/src/server/jobs/reassemble.go:74.39,76.37 2 0
gitlab.computing.dcu.ie/collint9/2021-ca400-collint9-coynemt2/src/server/jobs/reassemble.go:81.3,82.17 2 0
gitlab.computing.dcu.ie/collint9/2021-ca400-collint9-coynemt2/src/server/jobs/reassemble.go:86.3,87.17 2 0
gitlab.computing.dcu.ie/collint9/2021-ca400-collint9-coynemt2/src/server/jobs/reassemble.go:76.37,79.4 2 0
gitlab.computing.dcu.ie/collint9/2021-ca400-collint9-coynemt2/src/server/jobs/reassemble.go:82.17,84.4 1 0
gitlab.computing.dcu.ie/collint9/2021-ca400-collint9-coynemt2/src/server/jobs/reassemble.go:87.17,89.4 1 0
gitlab.computing.dcu.ie/collint9/2021-ca400-collint9-coynemt2/src/server/jobs/reassemble.go:93.54,95.3 1 0
gitlab.computing.dcu.ie/collint9/2021-ca400-collint9-coynemt2/src/server/auth/auth.go:36.118,51.2 3 1
gitlab.computing.dcu.ie/collint9/2021-ca400-collint9-coynemt2/src/server/auth/auth.go:54.84,69.2 5 0
gitlab.computing.dcu.ie/collint9/2021-ca400-collint9-coynemt2/src/server/auth/auth.go:71.72,74.2 2 0
gitlab.computing.dcu.ie/collint9/2021-ca400-collint9-coynemt2/src/server/auth/auth.go:77.101,81.47 1 1
gitlab.computing.dcu.ie/collint9/2021-ca400-collint9-coynemt2/src/server/auth/auth.go:85.2,85.16 1 1
gitlab.computing.dcu.ie/collint9/2021-ca400-collint9-coynemt2/src/server/auth/auth.go:88.2,89.79 2 1
gitlab.computing.dcu.ie/collint9/2021-ca400-collint9-coynemt2/src/server/auth/auth.go:92.2,92.50 1 1
gitlab.computing.dcu.ie/collint9/2021-ca400-collint9-coynemt2/src/server/auth/auth.go:95.2,95.8 1 1
gitlab.computing.dcu.ie/collint9/2021-ca400-collint9-coynemt2/src/server/auth/auth.go:81.47,83.4 1 1
gitlab.computing.dcu.ie/collint9/2021-ca400-collint9-coynemt2/src/server/auth/auth.go:85.16,87.3 1 0
gitlab.computing.dcu.ie/collint9/2021-ca400-collint9-coynemt2/src/server/auth/auth.go:89.79,91.3 1 0
gitlab.computing.dcu.ie/collint9/2021-ca400-collint9-coynemt2/src/server/auth/auth.go:92.50,94.3 1 0
gitlab.computing.dcu.ie/collint9/2021-ca400-collint9-coynemt2/src/server/auth/auth.go:99.103,103.47 1 0
gitlab.computing.dcu.ie/collint9/2021-ca400-collint9-coynemt2/src/server/auth/auth.go:107.2,107.16 1 0
gitlab.computing.dcu.ie/collint9/2021-ca400-collint9-coynemt2/src/server/auth/auth.go:110.2,111.80 2 0
gitlab.computing.dcu.ie/collint9/2021-ca400-collint9-coynemt2/src/server/auth/auth.go:114.2,114.8 1 0
gitlab.computing.dcu.ie/collint9/2021-ca400-collint9-coynemt2/src/server/auth/auth.go:103.47,105.4 1 0
gitlab.computing.dcu.ie/collint9/2021-ca400-collint9-coynemt2/src/server/auth/auth.go:107.16,109.3 1 0
gitlab.computing.dcu.ie/collint9/2021-ca400-collint9-coynemt2/src/server/auth/auth.go:111.80,113.3 1 0
gitlab.computing.dcu.ie/collint9/2021-ca400-collint9-coynemt2/src/server/auth/passwords.go:12.52,14.16 2 1
gitlab.computing.dcu.ie/collint9/2021-ca400-collint9-coynemt2/src/server/auth/passwords.go:17.2,17.27 1 1
gitlab.computing.dcu.ie/collint9/2021-ca400-collint9-coynemt2/src/server/auth/passwords.go:14.16,16.3 1 0
gitlab.computing.dcu.ie/collint9/2021-ca400-collint9-coynemt2/src/server/auth/passwords.go:20.64,22.16 2 1
gitlab.computing.dcu.ie/collint9/2021-ca400-collint9-coynemt2/src/server/auth/passwords.go:25.2,25.12 1 0
gitlab.computing.dcu.ie/collint9/2021-ca400-collint9-coynemt2/src/server/auth/passwords.go:22.16,24.3 1 1
gitlab.computing.dcu.ie/collint9/2021-ca400-collint9-coynemt2/src/server/auth/passwords.go:28.52,29.73 1 1
gitlab.computing.dcu.ie/collint9/2021-ca400-collint9-coynemt2/src/server/auth/passwords.go:32.2,32.12 1 1
gitlab.computing.dcu.ie/collint9/2021-ca400-collint9-coynemt2/src/server/auth/passwords.go:29.73,31.3 1 1
gitlab.computing.dcu.ie/collint9/2021-ca400-collint9-coynemt2/src/database/schema/user.go:24.45,25.57 1 0
gitlab.computing.dcu.ie/collint9/2021-ca400-collint9-coynemt2/src/database/schema/user.go:28.2,28.12 1 0
gitlab.computing.dcu.ie/collint9/2021-ca400-collint9-coynemt2/src/database/schema/user.go:25.57,27.3 1 0
gitlab.computing.dcu.ie/collint9/2021-ca400-collint9-coynemt2/src/database/schema/user.go:31.51,32.31 1 1
gitlab.computing.dcu.ie/collint9/2021-ca400-collint9-coynemt2/src/database/schema/user.go:35.2,35.24 1 1
gitlab.computing.dcu.ie/collint9/2021-ca400-collint9-coynemt2/src/database/schema/user.go:38.2,38.67 1 1
gitlab.computing.dcu.ie/collint9/2021-ca400-collint9-coynemt2/src/database/schema/user.go:41.2,41.31 1 1
gitlab.computing.dcu.ie/collint9/2021-ca400-collint9-coynemt2/src/database/schema/user.go:44.2,44.12 1 1
gitlab.computing.dcu.ie/collint9/2021-ca400-collint9-coynemt2/src/database/schema/user.go:32.31,34.3 1 1
gitlab.computing.dcu.ie/collint9/2021-ca400-collint9-coynemt2/src/database/schema/user.go:35.24,37.3 1 1
gitlab.computing.dcu.ie/collint9/2021-ca400-collint9-coynemt2/src/database/schema/user.go:38.67,40.3 1 1
gitlab.computing.dcu.ie/collint9/2021-ca400-collint9-coynemt2/src/database/schema/user.go:41.31,43.3 1 1
gitlab.computing.dcu.ie/collint9/2021-ca400-collint9-coynemt2/src/database/schema/user.go:47.38,50.2 2 1
gitlab.computing.dcu.ie/collint9/2021-ca400-collint9-coynemt2/src/database/schema/chunk.go:29.71,31.2 1 0
gitlab.computing.dcu.ie/collint9/2021-ca400-collint9-coynemt2/src/database/schema/chunk.go:34.46,35.21 1 0
gitlab.computing.dcu.ie/collint9/2021-ca400-collint9-coynemt2/src/database/schema/chunk.go:38.2,38.41 1 0
gitlab.computing.dcu.ie/collint9/2021-ca400-collint9-coynemt2/src/database/schema/chunk.go:35.21,37.3 1 0
gitlab.computing.dcu.ie/collint9/2021-ca400-collint9-coynemt2/src/database/schema/directory.go:30.45,32.2 1 1
gitlab.computing.dcu.ie/collint9/2021-ca400-collint9-coynemt2/src/database/schema/directory.go:34.73,35.43 1 1
gitlab.computing.dcu.ie/collint9/2021-ca400-collint9-coynemt2/src/database/schema/directory.go:39.2,41.37 3 1
gitlab.computing.dcu.ie/collint9/2021-ca400-collint9-coynemt2/src/database/schema/directory.go:45.2,45.81 1 1
gitlab.computing.dcu.ie/collint9/2021-ca400-collint9-coynemt2/src/database/schema/directory.go:49.2,49.69 1 1
gitlab.computing.dcu.ie/collint9/2021-ca400-collint9-coynemt2/src/database/schema/directory.go:53.2,53.12 1 1
gitlab.computing.dcu.ie/collint9/2021-ca400-collint9-coynemt2/src/database/schema/directory.go:35.43,37.3 1 0
gitlab.computing.dcu.ie/collint9/2021-ca400-collint9-coynemt2/src/database/schema/directory.go:41.37,43.3 1 0
gitlab.computing.dcu.ie/collint9/2021-ca400-collint9-coynemt2/src/database/schema/directory.go:45.81,47.3 1 0
gitlab.computing.dcu.ie/collint9/2021-ca400-collint9-coynemt2/src/database/schema/directory.go:49.69,51.3 1 0
gitlab.computing.dcu.ie/collint9/2021-ca400-collint9-coynemt2/src/database/schema/directory.go:56.75,58.21 2 1
gitlab.computing.dcu.ie/collint9/2021-ca400-collint9-coynemt2/src/database/schema/directory.go:61.2,62.32 2 1
gitlab.computing.dcu.ie/collint9/2021-ca400-collint9-coynemt2/src/database/schema/directory.go:58.21,60.3 1 0
gitlab.computing.dcu.ie/collint9/2021-ca400-collint9-coynemt2/src/database/schema/directory.go:66.62,68.25 2 1
gitlab.computing.dcu.ie/collint9/2021-ca400-collint9-coynemt2/src/database/schema/directory.go:71.2,78.3 1 1
gitlab.computing.dcu.ie/collint9/2021-ca400-collint9-coynemt2/src/database/schema/directory.go:68.25,70.3 1 1
gitlab.computing.dcu.ie/collint9/2021-ca400-collint9-coynemt2/src/database/schema/file.go:36.59,38.16 2 1
gitlab.computing.dcu.ie/collint9/2021-ca400-collint9-coynemt2/src/database/schema/file.go:42.2,43.16 2 1
gitlab.computing.dcu.ie/collint9/2021-ca400-collint9-coynemt2/src/database/schema/file.go:47.2,47.18 1 1
gitlab.computing.dcu.ie/collint9/2021-ca400-collint9-coynemt2/src/database/schema/file.go:38.16,40.3 1 0
gitlab.computing.dcu.ie/collint9/2021-ca400-collint9-coynemt2/src/database/schema/file.go:43.16,45.3 1 0
gitlab.computing.dcu.ie/collint9/2021-ca400-collint9-coynemt2/src/database/schema/file.go:51.53,52.52 1 1
gitlab.computing.dcu.ie/collint9/2021-ca400-collint9-coynemt2/src/database/schema/file.go:55.2,55.35 1 1
gitlab.computing.dcu.ie/collint9/2021-ca400-collint9-coynemt2/src/database/schema/file.go:52.52,54.3 1 0
gitlab.computing.dcu.ie/collint9/2021-ca400-collint9-coynemt2/src/database/schema/file.go:60.48,61.24 1 1
gitlab.computing.dcu.ie/collint9/2021-ca400-collint9-coynemt2/src/database/schema/file.go:67.2,68.49 2 1
gitlab.computing.dcu.ie/collint9/2021-ca400-collint9-coynemt2/src/database/schema/file.go:72.2,72.58 1 1
gitlab.computing.dcu.ie/collint9/2021-ca400-collint9-coynemt2/src/database/schema/file.go:76.2,76.53 1 1
gitlab.computing.dcu.ie/collint9/2021-ca400-collint9-coynemt2/src/database/schema/file.go:79.2,79.12 1 1
gitlab.computing.dcu.ie/collint9/2021-ca400-collint9-coynemt2/src/database/schema/file.go:61.24,62.62 1 1
gitlab.computing.dcu.ie/collint9/2021-ca400-collint9-coynemt2/src/database/schema/file.go:62.62,64.4 1 0
gitlab.computing.dcu.ie/collint9/2021-ca400-collint9-coynemt2/src/database/schema/file.go:68.49,70.3 1 0
gitlab.computing.dcu.ie/collint9/2021-ca400-collint9-coynemt2/src/database/schema/file.go:72.58,74.3 1 0
gitlab.computing.dcu.ie/collint9/2021-ca400-collint9-coynemt2/src/database/schema/file.go:76.53,78.3 1 0
gitlab.computing.dcu.ie/collint9/2021-ca400-collint9-coynemt2/src/database/schema/file.go:83.50,84.24 1 1
gitlab.computing.dcu.ie/collint9/2021-ca400-collint9-coynemt2/src/database/schema/file.go:88.2,89.66 2 1
gitlab.computing.dcu.ie/collint9/2021-ca400-collint9-coynemt2/src/database/schema/file.go:93.2,93.51 1 1
gitlab.computing.dcu.ie/collint9/2021-ca400-collint9-coynemt2/src/database/schema/file.go:84.24,86.3 1 1
gitlab.computing.dcu.ie/collint9/2021-ca400-collint9-coynemt2/src/database/schema/file.go:89.66,91.3 1 0
gitlab.computing.dcu.ie/collint9/2021-ca400-collint9-coynemt2/src/database/schema/file.go:97.53,98.53 1 1
gitlab.computing.dcu.ie/collint9/2021-ca400-collint9-coynemt2/src/database/schema/file.go:102.2,102.56 1 1
gitlab.computing.dcu.ie/collint9/2021-ca400-collint9-coynemt2/src/database/schema/file.go:106.2,106.47 1 1
gitlab.computing.dcu.ie/collint9/2021-ca400-collint9-coynemt2/src/database/schema/file.go:98.53,100.3 1 0
gitlab.computing.dcu.ie/collint9/2021-ca400-collint9-coynemt2/src/database/schema/file.go:102.56,104.3 1 0
gitlab.computing.dcu.ie/collint9/2021-ca400-collint9-coynemt2/src/database/schema/file.go:110.56,112.16 2 1
gitlab.computing.dcu.ie/collint9/2021-ca400-collint9-coynemt2/src/database/schema/file.go:115.2,115.35 1 1
gitlab.computing.dcu.ie/collint9/2021-ca400-collint9-coynemt2/src/database/schema/file.go:112.16,114.3 1 0
gitlab.computing.dcu.ie/collint9/2021-ca400-collint9-coynemt2/src/database/schema/file.go:118.65,119.50 1 1
gitlab.computing.dcu.ie/collint9/2021-ca400-collint9-coynemt2/src/database/schema/file.go:122.2,124.16 2 1
gitlab.computing.dcu.ie/collint9/2021-ca400-collint9-coynemt2/src/database/schema/file.go:128.2,128.30 1 1
gitlab.computing.dcu.ie/collint9/2021-ca400-collint9-coynemt2/src/database/schema/file.go:119.50,121.3 1 1
gitlab.computing.dcu.ie/collint9/2021-ca400-collint9-coynemt2/src/database/schema/file.go:124.16,126.3 1 0
gitlab.computing.dcu.ie/collint9/2021-ca400-collint9-coynemt2/src/database/schema/file.go:131.89,137.24 2 1
gitlab.computing.dcu.ie/collint9/2021-ca400-collint9-coynemt2/src/database/schema/file.go:141.2,141.40 1 1
gitlab.computing.dcu.ie/collint9/2021-ca400-collint9-coynemt2/src/database/schema/file.go:146.2,146.56 1 1
gitlab.computing.dcu.ie/collint9/2021-ca400-collint9-coynemt2/src/database/schema/file.go:150.2,152.25 2 1
gitlab.computing.dcu.ie/collint9/2021-ca400-collint9-coynemt2/src/database/schema/file.go:137.24,139.3 1 1
gitlab.computing.dcu.ie/collint9/2021-ca400-collint9-coynemt2/src/database/schema/file.go:141.40,143.3 1 0
gitlab.computing.dcu.ie/collint9/2021-ca400-collint9-coynemt2/src/database/schema/file.go:146.56,148.3 1 1
gitlab.computing.dcu.ie/collint9/2021-ca400-collint9-coynemt2/src/database/schema/file.go:155.48,157.16 2 1
gitlab.computing.dcu.ie/collint9/2021-ca400-collint9-coynemt2/src/database/schema/file.go:161.2,162.16 2 1
gitlab.computing.dcu.ie/collint9/2021-ca400-collint9-coynemt2/src/database/schema/file.go:166.2,166.24 1 1
gitlab.computing.dcu.ie/collint9/2021-ca400-collint9-coynemt2/src/database/schema/file.go:170.2,170.12 1 1
gitlab.computing.dcu.ie/collint9/2021-ca400-collint9-coynemt2/src/database/schema/file.go:157.16,159.3 1 0
gitlab.computing.dcu.ie/collint9/2021-ca400-collint9-coynemt2/src/database/schema/file.go:162.16,164.3 1 0
gitlab.computing.dcu.ie/collint9/2021-ca400-collint9-coynemt2/src/database/schema/file.go:166.24,168.3 1 1
gitlab.computing.dcu.ie/collint9/2021-ca400-collint9-coynemt2/src/database/schema/file.go:173.48,176.2 2 1
gitlab.computing.dcu.ie/collint9/2021-ca400-collint9-coynemt2/src/database/schema/file.go:178.50,181.2 2 1
gitlab.computing.dcu.ie/collint9/2021-ca400-collint9-coynemt2/src/database/schema/file.go:183.58,186.2 2 1
gitlab.computing.dcu.ie/collint9/2021-ca400-collint9-coynemt2/src/database/schema/file.go:188.50,199.2 1 1
gitlab.computing.dcu.ie/collint9/2021-ca400-collint9-coynemt2/src/database/schema/file.go:201.47,204.2 1 0
gitlab.computing.dcu.ie/collint9/2021-ca400-collint9-coynemt2/src/database/schema/file.go:206.55,209.2 1 0
gitlab.computing.dcu.ie/collint9/2021-ca400-collint9-coynemt2/src/database/schema/file_reader.go:33.71,34.17 1 0
gitlab.computing.dcu.ie/collint9/2021-ca400-collint9-coynemt2/src/database/schema/file_reader.go:38.2,45.64 2 0
gitlab.computing.dcu.ie/collint9/2021-ca400-collint9-coynemt2/src/database/schema/file_reader.go:49.2,49.27 1 0
gitlab.computing.dcu.ie/collint9/2021-ca400-collint9-coynemt2/src/database/schema/file_reader.go:53.2,53.57 1 0
gitlab.computing.dcu.ie/collint9/2021-ca400-collint9-coynemt2/src/database/schema/file_reader.go:57.2,57.64 1 0
gitlab.computing.dcu.ie/collint9/2021-ca400-collint9-coynemt2/src/database/schema/file_reader.go:61.2,67.8 1 0
gitlab.computing.dcu.ie/collint9/2021-ca400-collint9-coynemt2/src/database/schema/file_reader.go:34.17,36.3 1 0
gitlab.computing.dcu.ie/collint9/2021-ca400-collint9-coynemt2/src/database/schema/file_reader.go:45.64,47.3 1 0
gitlab.computing.dcu.ie/collint9/2021-ca400-collint9-coynemt2/src/database/schema/file_reader.go:49.27,51.3 1 0
gitlab.computing.dcu.ie/collint9/2021-ca400-collint9-coynemt2/src/database/schema/file_reader.go:53.57,55.3 1 0
gitlab.computing.dcu.ie/collint9/2021-ca400-collint9-coynemt2/src/database/schema/file_reader.go:57.64,59.3 1 0
gitlab.computing.dcu.ie/collint9/2021-ca400-collint9-coynemt2/src/database/schema/file_reader.go:70.65,71.46 1 0
gitlab.computing.dcu.ie/collint9/2021-ca400-collint9-coynemt2/src/database/schema/file_reader.go:75.2,75.15 1 0
gitlab.computing.dcu.ie/collint9/2021-ca400-collint9-coynemt2/src/database/schema/file_reader.go:76.2,77.33 2 0
gitlab.computing.dcu.ie/collint9/2021-ca400-collint9-coynemt2/src/database/schema/file_reader.go:89.2,89.23 1 0
gitlab.computing.dcu.ie/collint9/2021-ca400-collint9-coynemt2/src/database/schema/file_reader.go:71.46,74.3 2 0
gitlab.computing.dcu.ie/collint9/2021-ca400-collint9-coynemt2/src/database/schema/file_reader.go:75.15,75.51 1 0
gitlab.computing.dcu.ie/collint9/2021-ca400-collint9-coynemt2/src/database/schema/file_reader.go:77.33,81.80 4 0
gitlab.computing.dcu.ie/collint9/2021-ca400-collint9-coynemt2/src/database/schema/file_reader.go:84.3,84.77 1 0
gitlab.computing.dcu.ie/collint9/2021-ca400-collint9-coynemt2/src/database/schema/file_reader.go:87.3,87.24 1 0
gitlab.computing.dcu.ie/collint9/2021-ca400-collint9-coynemt2/src/database/schema/file_reader.go:81.80,83.4 1 0
gitlab.computing.dcu.ie/collint9/2021-ca400-collint9-coynemt2/src/database/schema/file_reader.go:84.77,86.4 1 0
gitlab.computing.dcu.ie/collint9/2021-ca400-collint9-coynemt2/src/database/schema/file_reader.go:92.77,93.16 1 0
gitlab.computing.dcu.ie/collint9/2021-ca400-collint9-coynemt2/src/database/schema/file_reader.go:103.2,103.13 1 0
gitlab.computing.dcu.ie/collint9/2021-ca400-collint9-coynemt2/src/database/schema/file_reader.go:106.2,106.25 1 0
gitlab.computing.dcu.ie/collint9/2021-ca400-collint9-coynemt2/src/database/schema/file_reader.go:111.2,117.32 2 0
gitlab.computing.dcu.ie/collint9/2021-ca400-collint9-coynemt2/src/database/schema/file_reader.go:121.2,121.49 1 0
gitlab.computing.dcu.ie/collint9/2021-ca400-collint9-coynemt2/src/database/schema/file_reader.go:131.2,131.87 1 0
gitlab.computing.dcu.ie/collint9/2021-ca400-collint9-coynemt2/src/database/schema/file_reader.go:134.2,134.49 1 0
gitlab.computing.dcu.ie/collint9/2021-ca400-collint9-coynemt2/src/database/schema/file_reader.go:137.2,140.17 4 0
gitlab.computing.dcu.ie/collint9/2021-ca400-collint9-coynemt2/src/database/schema/file_reader.go:94.20,95.15 1 0
gitlab.computing.dcu.ie/collint9/2021-ca400-collint9-coynemt2/src/database/schema/file_reader.go:96.22,97.44 1 0
gitlab.computing.dcu.ie/collint9/2021-ca400-collint9-coynemt2/src/database/schema/file_reader.go:98.18,99.30 1 0
gitlab.computing.dcu.ie/collint9/2021-ca400-collint9-coynemt2/src/database/schema/file_reader.go:100.10,101.33 1 0
gitlab.computing.dcu.ie/collint9/2021-ca400-collint9-coynemt2/src/database/schema/file_reader.go:103.13,105.3 1 0
gitlab.computing.dcu.ie/collint9/2021-ca400-collint9-coynemt2/src/database/schema/file_reader.go:106.25,110.3 3 0
gitlab.computing.dcu.ie/collint9/2021-ca400-collint9-coynemt2/src/database/schema/file_reader.go:117.32,119.3 1 0
gitlab.computing.dcu.ie/collint9/2021-ca400-collint9-coynemt2/src/database/schema/file_reader.go:121.49,123.3 1 0
gitlab.computing.dcu.ie/collint9/2021-ca400-collint9-coynemt2/src/database/schema/file_reader.go:123.8,124.80 1 0
gitlab.computing.dcu.ie/collint9/2021-ca400-collint9-coynemt2/src/database/schema/file_reader.go:127.3,127.77 1 0
gitlab.computing.dcu.ie/collint9/2021-ca400-collint9-coynemt2/src/database/schema/file_reader.go:124.80,126.4 1 0
gitlab.computing.dcu.ie/collint9/2021-ca400-collint9-coynemt2/src/database/schema/file_reader.go:127.77,129.4 1 0
gitlab.computing.dcu.ie/collint9/2021-ca400-collint9-coynemt2/src/database/schema/file_reader.go:131.87,133.3 1 0
gitlab.computing.dcu.ie/collint9/2021-ca400-collint9-coynemt2/src/database/schema/file_reader.go:134.49,136.3 1 0
gitlab.computing.dcu.ie/collint9/2021-ca400-collint9-coynemt2/src/ftp/logger.go:7.60,9.2 1 0
gitlab.computing.dcu.ie/collint9/2021-ca400-collint9-coynemt2/src/ftp/logger.go:11.73,13.2 1 0
gitlab.computing.dcu.ie/collint9/2021-ca400-collint9-coynemt2/src/ftp/logger.go:15.77,17.2 1 0
gitlab.computing.dcu.ie/collint9/2021-ca400-collint9-coynemt2/src/ftp/logger.go:19.73,21.2 1 0
gitlab.computing.dcu.ie/collint9/2021-ca400-collint9-coynemt2/src/ftp/auth.go:15.81,16.21 1 1
gitlab.computing.dcu.ie/collint9/2021-ca400-collint9-coynemt2/src/ftp/auth.go:22.2,22.16 1 1
gitlab.computing.dcu.ie/collint9/2021-ca400-collint9-coynemt2/src/ftp/auth.go:25.2,25.18 1 1
gitlab.computing.dcu.ie/collint9/2021-ca400-collint9-coynemt2/src/ftp/auth.go:16.21,18.3 1 1
gitlab.computing.dcu.ie/collint9/2021-ca400-collint9-coynemt2/src/ftp/auth.go:18.8,20.3 1 0
gitlab.computing.dcu.ie/collint9/2021-ca400-collint9-coynemt2/src/ftp/auth.go:22.16,24.3 1 1
gitlab.computing.dcu.ie/collint9/2021-ca400-collint9-coynemt2/src/ftp/driver.go:24.42,26.2 1 1
gitlab.computing.dcu.ie/collint9/2021-ca400-collint9-coynemt2/src/ftp/driver.go:28.57,29.19 1 1
gitlab.computing.dcu.ie/collint9/2021-ca400-collint9-coynemt2/src/ftp/driver.go:39.2,39.22 1 1
gitlab.computing.dcu.ie/collint9/2021-ca400-collint9-coynemt2/src/ftp/driver.go:46.2,46.49 1 1
gitlab.computing.dcu.ie/collint9/2021-ca400-collint9-coynemt2/src/ftp/driver.go:29.19,32.17 3 0
gitlab.computing.dcu.ie/collint9/2021-ca400-collint9-coynemt2/src/ftp/driver.go:36.3,36.16 1 0
gitlab.computing.dcu.ie/collint9/2021-ca400-collint9-coynemt2/src/ftp/driver.go:32.17,35.4 2 0
gitlab.computing.dcu.ie/collint9/2021-ca400-collint9-coynemt2/src/ftp/driver.go:39.22,41.17 2 0
gitlab.computing.dcu.ie/collint9/2021-ca400-collint9-coynemt2/src/ftp/driver.go:44.3,44.18 1 0
gitlab.computing.dcu.ie/collint9/2021-ca400-collint9-coynemt2/src/ftp/driver.go:41.17,43.4 1 0
gitlab.computing.dcu.ie/collint9/2021-ca400-collint9-coynemt2/src/ftp/driver.go:49.74,56.51 2 1
gitlab.computing.dcu.ie/collint9/2021-ca400-collint9-coynemt2/src/ftp/driver.go:60.2,62.62 2 1
gitlab.computing.dcu.ie/collint9/2021-ca400-collint9-coynemt2/src/ftp/driver.go:71.2,71.69 1 1
gitlab.computing.dcu.ie/collint9/2021-ca400-collint9-coynemt2/src/ftp/driver.go:80.2,80.17 1 1
gitlab.computing.dcu.ie/collint9/2021-ca400-collint9-coynemt2/src/ftp/driver.go:56.51,58.3 1 0
gitlab.computing.dcu.ie/collint9/2021-ca400-collint9-coynemt2/src/ftp/driver.go:62.62,69.3 1 1
gitlab.computing.dcu.ie/collint9/2021-ca400-collint9-coynemt2/src/ftp/driver.go:71.69,78.3 1 1
gitlab.computing.dcu.ie/collint9/2021-ca400-collint9-coynemt2/src/ftp/driver.go:84.47,90.51 2 1
gitlab.computing.dcu.ie/collint9/2021-ca400-collint9-coynemt2/src/ftp/driver.go:94.2,95.12 2 1
gitlab.computing.dcu.ie/collint9/2021-ca400-collint9-coynemt2/src/ftp/driver.go:90.51,92.3 1 0
gitlab.computing.dcu.ie/collint9/2021-ca400-collint9-coynemt2/src/ftp/driver.go:99.89,105.51 2 1
gitlab.computing.dcu.ie/collint9/2021-ca400-collint9-coynemt2/src/ftp/driver.go:109.2,110.16 2 1
gitlab.computing.dcu.ie/collint9/2021-ca400-collint9-coynemt2/src/ftp/driver.go:114.2,116.37 2 1
gitlab.computing.dcu.ie/collint9/2021-ca400-collint9-coynemt2/src/ftp/driver.go:127.2,127.33 1 1
gitlab.computing.dcu.ie/collint9/2021-ca400-collint9-coynemt2/src/ftp/driver.go:140.2,140.8 1 1
gitlab.computing.dcu.ie/collint9/2021-ca400-collint9-coynemt2/src/ftp/driver.go:105.51,107.3 1 0
gitlab.computing.dcu.ie/collint9/2021-ca400-collint9-coynemt2/src/ftp/driver.go:110.16,112.3 1 0
gitlab.computing.dcu.ie/collint9/2021-ca400-collint9-coynemt2/src/ftp/driver.go:116.37,122.18 1 1
gitlab.computing.dcu.ie/collint9/2021-ca400-collint9-coynemt2/src/ftp/driver.go:122.18,124.4 1 0
gitlab.computing.dcu.ie/collint9/2021-ca400-collint9-coynemt2/src/ftp/driver.go:127.33,128.22 1 1
gitlab.computing.dcu.ie/collint9/2021-ca400-collint9-coynemt2/src/ftp/driver.go:131.3,136.18 1 1
gitlab.computing.dcu.ie/collint9/2021-ca400-collint9-coynemt2/src/ftp/driver.go:128.22,129.12 1 0
gitlab.computing.dcu.ie/collint9/2021-ca400-collint9-coynemt2/src/ftp/driver.go:136.18,138.4 1 0
gitlab.computing.dcu.ie/collint9/2021-ca400-collint9-coynemt2/src/ftp/driver.go:143.53,149.51 2 1
gitlab.computing.dcu.ie/collint9/2021-ca400-collint9-coynemt2/src/ftp/driver.go:153.2,153.62 1 1
gitlab.computing.dcu.ie/collint9/2021-ca400-collint9-coynemt2/src/ftp/driver.go:156.2,156.31 1 1
gitlab.computing.dcu.ie/collint9/2021-ca400-collint9-coynemt2/src/ftp/driver.go:149.51,151.3 1 0
gitlab.computing.dcu.ie/collint9/2021-ca400-collint9-coynemt2/src/ftp/driver.go:153.62,155.3 1 1
gitlab.computing.dcu.ie/collint9/2021-ca400-collint9-coynemt2/src/ftp/driver.go:159.48,163.16 3 1
gitlab.computing.dcu.ie/collint9/2021-ca400-collint9-coynemt2/src/ftp/driver.go:167.2,168.69 2 1
gitlab.computing.dcu.ie/collint9/2021-ca400-collint9-coynemt2/src/ftp/driver.go:171.2,171.26 1 1
gitlab.computing.dcu.ie/collint9/2021-ca400-collint9-coynemt2/src/ftp/driver.go:163.16,165.3 1 0
gitlab.computing.dcu.ie/collint9/2021-ca400-collint9-coynemt2/src/ftp/driver.go:168.69,170.3 1 1
gitlab.computing.dcu.ie/collint9/2021-ca400-collint9-coynemt2/src/ftp/driver.go:174.69,180.59 2 1
gitlab.computing.dcu.ie/collint9/2021-ca400-collint9-coynemt2/src/ftp/driver.go:183.2,183.55 1 1
gitlab.computing.dcu.ie/collint9/2021-ca400-collint9-coynemt2/src/ftp/driver.go:187.2,187.73 1 1
gitlab.computing.dcu.ie/collint9/2021-ca400-collint9-coynemt2/src/ftp/driver.go:190.2,190.46 1 1
gitlab.computing.dcu.ie/collint9/2021-ca400-collint9-coynemt2/src/ftp/driver.go:180.59,182.3 1 0
gitlab.computing.dcu.ie/collint9/2021-ca400-collint9-coynemt2/src/ftp/driver.go:183.55,185.3 1 0
gitlab.computing.dcu.ie/collint9/2021-ca400-collint9-coynemt2/src/ftp/driver.go:187.73,189.3 1 1
gitlab.computing.dcu.ie/collint9/2021-ca400-collint9-coynemt2/src/ftp/driver.go:194.99,199.51 2 1
gitlab.computing.dcu.ie/collint9/2021-ca400-collint9-coynemt2/src/ftp/driver.go:203.2,203.12 1 1
gitlab.computing.dcu.ie/collint9/2021-ca400-collint9-coynemt2/src/ftp/driver.go:215.2,215.94 1 1
gitlab.computing.dcu.ie/collint9/2021-ca400-collint9-coynemt2/src/ftp/driver.go:218.2,218.23 1 1
gitlab.computing.dcu.ie/collint9/2021-ca400-collint9-coynemt2/src/ftp/driver.go:199.51,201.3 1 0
gitlab.computing.dcu.ie/collint9/2021-ca400-collint9-coynemt2/src/ftp/driver.go:203.12,204.70 1 1
gitlab.computing.dcu.ie/collint9/2021-ca400-collint9-coynemt2/src/ftp/driver.go:207.3,209.75 2 1
gitlab.computing.dcu.ie/collint9/2021-ca400-collint9-coynemt2/src/ftp/driver.go:212.3,212.37 1 1
gitlab.computing.dcu.ie/collint9/2021-ca400-collint9-coynemt2/src/ftp/driver.go:204.70,206.4 1 1
gitlab.computing.dcu.ie/collint9/2021-ca400-collint9-coynemt2/src/ftp/driver.go:209.75,211.4 1 0
gitlab.computing.dcu.ie/collint9/2021-ca400-collint9-coynemt2/src/ftp/driver.go:215.94,217.3 1 0
gitlab.computing.dcu.ie/collint9/2021-ca400-collint9-coynemt2/src/ftp/driver.go:222.95,229.51 2 1
gitlab.computing.dcu.ie/collint9/2021-ca400-collint9-coynemt2/src/ftp/driver.go:233.2,233.69 1 1
gitlab.computing.dcu.ie/collint9/2021-ca400-collint9-coynemt2/src/ftp/driver.go:237.2,237.57 1 1
gitlab.computing.dcu.ie/collint9/2021-ca400-collint9-coynemt2/src/ftp/driver.go:241.2,242.57 2 1
gitlab.computing.dcu.ie/collint9/2021-ca400-collint9-coynemt2/src/ftp/driver.go:229.51,231.3 1 0
gitlab.computing.dcu.ie/collint9/2021-ca400-collint9-coynemt2/src/ftp/driver.go:233.69,235.3 1 0
gitlab.computing.dcu.ie/collint9/2021-ca400-collint9-coynemt2/src/ftp/driver.go:237.57,239.3 1 0
gitlab.computing.dcu.ie/collint9/2021-ca400-collint9-coynemt2/src/ftp/driver.go:245.51,247.51 2 1
gitlab.computing.dcu.ie/collint9/2021-ca400-collint9-coynemt2/src/ftp/driver.go:251.2,251.60 1 1
gitlab.computing.dcu.ie/collint9/2021-ca400-collint9-coynemt2/src/ftp/driver.go:258.2,258.12 1 1
gitlab.computing.dcu.ie/collint9/2021-ca400-collint9-coynemt2/src/ftp/driver.go:247.51,249.3 1 0
gitlab.computing.dcu.ie/collint9/2021-ca400-collint9-coynemt2/src/ftp/driver.go:251.60,253.17 2 1
gitlab.computing.dcu.ie/collint9/2021-ca400-collint9-coynemt2/src/ftp/driver.go:253.17,255.4 1 0
gitlab.computing.dcu.ie/collint9/2021-ca400-collint9-coynemt2/src/ftp/factory.go:14.54,19.2 1 1
gitlab.computing.dcu.ie/collint9/2021-ca400-collint9-coynemt2/src/ftp/fileinfo.go:17.38,19.2 1 1
gitlab.computing.dcu.ie/collint9/2021-ca400-collint9-coynemt2/src/ftp/fileinfo.go:22.33,24.2 1 1
gitlab.computing.dcu.ie/collint9/2021-ca400-collint9-coynemt2/src/ftp/fileinfo.go:27.40,29.2 1 1
gitlab.computing.dcu.ie/collint9/2021-ca400-collint9-coynemt2/src/ftp/fileinfo.go:32.39,33.13 1 1
gitlab.computing.dcu.ie/collint9/2021-ca400-collint9-coynemt2/src/ftp/fileinfo.go:36.2,36.20 1 1
gitlab.computing.dcu.ie/collint9/2021-ca400-collint9-coynemt2/src/ftp/fileinfo.go:33.13,35.3 1 1
gitlab.computing.dcu.ie/collint9/2021-ca400-collint9-coynemt2/src/ftp/fileinfo.go:40.33,42.2 1 1
gitlab.computing.dcu.ie/collint9/2021-ca400-collint9-coynemt2/src/ftp/fileinfo.go:45.34,47.2 1 1
gitlab.computing.dcu.ie/collint9/2021-ca400-collint9-coynemt2/src/ftp/fileinfo.go:50.35,52.2 1 1
gitlab.computing.dcu.ie/collint9/2021-ca400-collint9-coynemt2/src/ftp/fileinfo.go:55.35,57.2 1 1
gitlab.computing.dcu.ie/collint9/2021-ca400-collint9-coynemt2/src/database/repo/list.go:10.92,17.16 3 1
gitlab.computing.dcu.ie/collint9/2021-ca400-collint9-coynemt2/src/database/repo/list.go:28.2,28.43 1 1
gitlab.computing.dcu.ie/collint9/2021-ca400-collint9-coynemt2/src/database/repo/list.go:17.16,18.40 1 0
gitlab.computing.dcu.ie/collint9/2021-ca400-collint9-coynemt2/src/database/repo/list.go:18.40,20.18 2 0
gitlab.computing.dcu.ie/collint9/2021-ca400-collint9-coynemt2/src/database/repo/list.go:20.18,22.5 1 0
gitlab.computing.dcu.ie/collint9/2021-ca400-collint9-coynemt2/src/database/repo/list.go:23.9,25.4 1 0
gitlab.computing.dcu.ie/collint9/2021-ca400-collint9-coynemt2/src/database/repo/list.go:31.85,36.21 4 1
gitlab.computing.dcu.ie/collint9/2021-ca400-collint9-coynemt2/src/database/repo/list.go:40.2,48.31 2 1
gitlab.computing.dcu.ie/collint9/2021-ca400-collint9-coynemt2/src/database/repo/list.go:52.2,53.21 2 1
gitlab.computing.dcu.ie/collint9/2021-ca400-collint9-coynemt2/src/database/repo/list.go:57.2,58.21 2 1
gitlab.computing.dcu.ie/collint9/2021-ca400-collint9-coynemt2/src/database/repo/list.go:62.2,62.22 1 1
gitlab.computing.dcu.ie/collint9/2021-ca400-collint9-coynemt2/src/database/repo/list.go:36.21,38.3 1 0
gitlab.computing.dcu.ie/collint9/2021-ca400-collint9-coynemt2/src/database/repo/list.go:48.31,50.3 1 1
gitlab.computing.dcu.ie/collint9/2021-ca400-collint9-coynemt2/src/database/repo/list.go:53.21,55.3 1 0
gitlab.computing.dcu.ie/collint9/2021-ca400-collint9-coynemt2/src/database/repo/list.go:58.21,60.3 1 0
gitlab.computing.dcu.ie/collint9/2021-ca400-collint9-coynemt2/src/database/repo/list.go:65.86,69.21 4 1
gitlab.computing.dcu.ie/collint9/2021-ca400-collint9-coynemt2/src/database/repo/list.go:72.2,72.23 1 1
gitlab.computing.dcu.ie/collint9/2021-ca400-collint9-coynemt2/src/database/repo/list.go:69.21,71.3 1 0
gitlab.computing.dcu.ie/collint9/2021-ca400-collint9-coynemt2/src/database/repo/test_helper.go:19.3,29.2 7 1
gitlab.computing.dcu.ie/collint9/2021-ca400-collint9-coynemt2/src/database/repo/user.go:14.70,18.60 2 1
gitlab.computing.dcu.ie/collint9/2021-ca400-collint9-coynemt2/src/database/repo/user.go:23.2,25.22 3 1
gitlab.computing.dcu.ie/collint9/2021-ca400-collint9-coynemt2/src/database/repo/user.go:29.2,30.19 2 1
gitlab.computing.dcu.ie/collint9/2021-ca400-collint9-coynemt2/src/database/repo/user.go:18.60,20.3 1 0
gitlab.computing.dcu.ie/collint9/2021-ca400-collint9-coynemt2/src/database/repo/user.go:25.22,27.3 1 1
gitlab.computing.dcu.ie/collint9/2021-ca400-collint9-coynemt2/src/database/repo/user.go:34.105,42.17 2 1
gitlab.computing.dcu.ie/collint9/2021-ca400-collint9-coynemt2/src/database/repo/user.go:45.2,45.20 1 1
gitlab.computing.dcu.ie/collint9/2021-ca400-collint9-coynemt2/src/database/repo/user.go:49.2,49.54 1 1
gitlab.computing.dcu.ie/collint9/2021-ca400-collint9-coynemt2/src/database/repo/user.go:53.2,54.16 2 1
gitlab.computing.dcu.ie/collint9/2021-ca400-collint9-coynemt2/src/database/repo/user.go:58.2,61.85 2 1
gitlab.computing.dcu.ie/collint9/2021-ca400-collint9-coynemt2/src/database/repo/user.go:65.2,66.21 2 1
gitlab.computing.dcu.ie/collint9/2021-ca400-collint9-coynemt2/src/database/repo/user.go:70.2,70.18 1 1
gitlab.computing.dcu.ie/collint9/2021-ca400-collint9-coynemt2/src/database/repo/user.go:42.17,44.3 1 1
gitlab.computing.dcu.ie/collint9/2021-ca400-collint9-coynemt2/src/database/repo/user.go:45.20,47.3 1 1
gitlab.computing.dcu.ie/collint9/2021-ca400-collint9-coynemt2/src/database/repo/user.go:49.54,51.3 1 1
gitlab.computing.dcu.ie/collint9/2021-ca400-collint9-coynemt2/src/database/repo/user.go:54.16,56.3 1 0
gitlab.computing.dcu.ie/collint9/2021-ca400-collint9-coynemt2/src/database/repo/user.go:61.85,63.3 1 0
gitlab.computing.dcu.ie/collint9/2021-ca400-collint9-coynemt2/src/database/repo/user.go:66.21,68.3 1 0
gitlab.computing.dcu.ie/collint9/2021-ca400-collint9-coynemt2/src/database/repo/chunk.go:10.92,12.21 2 1
gitlab.computing.dcu.ie/collint9/2021-ca400-collint9-coynemt2/src/database/repo/chunk.go:15.2,15.20 1 1
gitlab.computing.dcu.ie/collint9/2021-ca400-collint9-coynemt2/src/database/repo/chunk.go:12.21,14.3 1 0
gitlab.computing.dcu.ie/collint9/2021-ca400-collint9-coynemt2/src/database/repo/chunk.go:18.61,20.11 2 1
gitlab.computing.dcu.ie/collint9/2021-ca400-collint9-coynemt2/src/database/repo/chunk.go:26.2,26.65 1 1
gitlab.computing.dcu.ie/collint9/2021-ca400-collint9-coynemt2/src/database/repo/chunk.go:20.11,22.9 2 1
gitlab.computing.dcu.ie/collint9/2021-ca400-collint9-coynemt2/src/database/repo/chunk.go:22.9,24.4 1 1
gitlab.computing.dcu.ie/collint9/2021-ca400-collint9-coynemt2/src/database/repo/directory.go:15.82,18.2 2 1
gitlab.computing.dcu.ie/collint9/2021-ca400-collint9-coynemt2/src/database/repo/directory.go:21.96,23.16 2 1
gitlab.computing.dcu.ie/collint9/2021-ca400-collint9-coynemt2/src/database/repo/directory.go:27.2,27.57 1 1
gitlab.computing.dcu.ie/collint9/2021-ca400-collint9-coynemt2/src/database/repo/directory.go:33.2,33.21 1 1
gitlab.computing.dcu.ie/collint9/2021-ca400-collint9-coynemt2/src/database/repo/directory.go:23.16,25.3 1 1
gitlab.computing.dcu.ie/collint9/2021-ca400-collint9-coynemt2/src/database/repo/directory.go:27.57,28.49 1 1
gitlab.computing.dcu.ie/collint9/2021-ca400-collint9-coynemt2/src/database/repo/directory.go:28.49,30.4 1 0
gitlab.computing.dcu.ie/collint9/2021-ca400-collint9-coynemt2/src/database/repo/directory.go:37.81,39.16 2 1
gitlab.computing.dcu.ie/collint9/2021-ca400-collint9-coynemt2/src/database/repo/directory.go:42.2,42.47 1 1
gitlab.computing.dcu.ie/collint9/2021-ca400-collint9-coynemt2/src/database/repo/directory.go:39.16,41.3 1 1
gitlab.computing.dcu.ie/collint9/2021-ca400-collint9-coynemt2/src/database/repo/directory.go:46.83,49.2 2 1
gitlab.computing.dcu.ie/collint9/2021-ca400-collint9-coynemt2/src/database/repo/directory.go:52.81,55.22 3 1
gitlab.computing.dcu.ie/collint9/2021-ca400-collint9-coynemt2/src/database/repo/directory.go:59.2,59.28 1 1
gitlab.computing.dcu.ie/collint9/2021-ca400-collint9-coynemt2/src/database/repo/directory.go:55.22,57.3 1 1
gitlab.computing.dcu.ie/collint9/2021-ca400-collint9-coynemt2/src/database/repo/directory.go:63.80,67.2 3 1
gitlab.computing.dcu.ie/collint9/2021-ca400-collint9-coynemt2/src/database/repo/directory.go:70.88,71.79 1 1
gitlab.computing.dcu.ie/collint9/2021-ca400-collint9-coynemt2/src/database/repo/directory.go:74.2,74.17 1 1
gitlab.computing.dcu.ie/collint9/2021-ca400-collint9-coynemt2/src/database/repo/directory.go:71.79,73.3 1 1
gitlab.computing.dcu.ie/collint9/2021-ca400-collint9-coynemt2/src/database/repo/directory.go:79.91,83.20 3 1
gitlab.computing.dcu.ie/collint9/2021-ca400-collint9-coynemt2/src/database/repo/directory.go:87.2,89.16 3 1
gitlab.computing.dcu.ie/collint9/2021-ca400-collint9-coynemt2/src/database/repo/directory.go:93.2,93.63 1 1
gitlab.computing.dcu.ie/collint9/2021-ca400-collint9-coynemt2/src/database/repo/directory.go:83.20,85.3 1 1
gitlab.computing.dcu.ie/collint9/2021-ca400-collint9-coynemt2/src/database/repo/directory.go:89.16,91.3 1 0
gitlab.computing.dcu.ie/collint9/2021-ca400-collint9-coynemt2/src/database/repo/directory.go:97.104,99.16 2 1
gitlab.computing.dcu.ie/collint9/2021-ca400-collint9-coynemt2/src/database/repo/directory.go:103.2,104.73 2 1
gitlab.computing.dcu.ie/collint9/2021-ca400-collint9-coynemt2/src/database/repo/directory.go:108.2,117.64 3 1
gitlab.computing.dcu.ie/collint9/2021-ca400-collint9-coynemt2/src/database/repo/directory.go:120.2,120.50 1 1
gitlab.computing.dcu.ie/collint9/2021-ca400-collint9-coynemt2/src/database/repo/directory.go:123.2,123.23 1 1
gitlab.computing.dcu.ie/collint9/2021-ca400-collint9-coynemt2/src/database/repo/directory.go:99.16,101.3 1 1
gitlab.computing.dcu.ie/collint9/2021-ca400-collint9-coynemt2/src/database/repo/directory.go:104.73,106.3 1 1
gitlab.computing.dcu.ie/collint9/2021-ca400-collint9-coynemt2/src/database/repo/directory.go:117.64,119.3 1 0
gitlab.computing.dcu.ie/collint9/2021-ca400-collint9-coynemt2/src/database/repo/directory.go:120.50,122.3 1 1
gitlab.computing.dcu.ie/collint9/2021-ca400-collint9-coynemt2/src/database/repo/directory.go:128.56,131.21 3 1
gitlab.computing.dcu.ie/collint9/2021-ca400-collint9-coynemt2/src/database/repo/directory.go:134.2,135.12 2 1
gitlab.computing.dcu.ie/collint9/2021-ca400-collint9-coynemt2/src/database/repo/directory.go:131.21,133.3 1 1
gitlab.computing.dcu.ie/collint9/2021-ca400-collint9-coynemt2/src/database/repo/directory.go:139.52,144.17 5 1
gitlab.computing.dcu.ie/collint9/2021-ca400-collint9-coynemt2/src/database/repo/directory.go:147.2,149.34 3 1
gitlab.computing.dcu.ie/collint9/2021-ca400-collint9-coynemt2/src/database/repo/directory.go:144.17,146.3 1 0
gitlab.computing.dcu.ie/collint9/2021-ca400-collint9-coynemt2/src/database/repo/directory.go:153.69,157.2 3 1
gitlab.computing.dcu.ie/collint9/2021-ca400-collint9-coynemt2/src/database/repo/directory.go:160.82,163.16 2 1
gitlab.computing.dcu.ie/collint9/2021-ca400-collint9-coynemt2/src/database/repo/directory.go:167.2,175.48 2 1
gitlab.computing.dcu.ie/collint9/2021-ca400-collint9-coynemt2/src/database/repo/directory.go:179.2,179.21 1 1
gitlab.computing.dcu.ie/collint9/2021-ca400-collint9-coynemt2/src/database/repo/directory.go:163.16,165.3 1 0
gitlab.computing.dcu.ie/collint9/2021-ca400-collint9-coynemt2/src/database/repo/directory.go:175.48,177.3 1 1
gitlab.computing.dcu.ie/collint9/2021-ca400-collint9-coynemt2/src/database/repo/file.go:17.75,19.53 2 1
gitlab.computing.dcu.ie/collint9/2021-ca400-collint9-coynemt2/src/database/repo/file.go:23.2,24.16 2 1
gitlab.computing.dcu.ie/collint9/2021-ca400-collint9-coynemt2/src/database/repo/file.go:28.2,29.18 2 1
gitlab.computing.dcu.ie/collint9/2021-ca400-collint9-coynemt2/src/database/repo/file.go:19.53,21.3 1 0
gitlab.computing.dcu.ie/collint9/2021-ca400-collint9-coynemt2/src/database/repo/file.go:24.16,26.3 1 1
gitlab.computing.dcu.ie/collint9/2021-ca400-collint9-coynemt2/src/database/repo/file.go:35.73,36.50 1 1
gitlab.computing.dcu.ie/collint9/2021-ca400-collint9-coynemt2/src/database/repo/file.go:41.2,48.21 6 1
gitlab.computing.dcu.ie/collint9/2021-ca400-collint9-coynemt2/src/database/repo/file.go:52.2,53.18 2 1
gitlab.computing.dcu.ie/collint9/2021-ca400-collint9-coynemt2/src/database/repo/file.go:36.50,38.3 1 0
gitlab.computing.dcu.ie/collint9/2021-ca400-collint9-coynemt2/src/database/repo/file.go:48.21,50.3 1 1
gitlab.computing.dcu.ie/collint9/2021-ca400-collint9-coynemt2/src/database/repo/file.go:56.66,64.16 2 1
gitlab.computing.dcu.ie/collint9/2021-ca400-collint9-coynemt2/src/database/repo/file.go:68.2,69.16 2 1
gitlab.computing.dcu.ie/collint9/2021-ca400-collint9-coynemt2/src/database/repo/file.go:73.2,73.26 1 1
gitlab.computing.dcu.ie/collint9/2021-ca400-collint9-coynemt2/src/database/repo/file.go:64.16,66.3 1 0
gitlab.computing.dcu.ie/collint9/2021-ca400-collint9-coynemt2/src/database/repo/file.go:69.16,71.3 1 0
gitlab.computing.dcu.ie/collint9/2021-ca400-collint9-coynemt2/src/database/repo/file.go:79.3,88.63 2 1
gitlab.computing.dcu.ie/collint9/2021-ca400-collint9-coynemt2/src/database/repo/file.go:100.2,100.65 1 1
gitlab.computing.dcu.ie/collint9/2021-ca400-collint9-coynemt2/src/database/repo/file.go:104.2,104.49 1 1
gitlab.computing.dcu.ie/collint9/2021-ca400-collint9-coynemt2/src/database/repo/file.go:108.2,117.64 2 1
gitlab.computing.dcu.ie/collint9/2021-ca400-collint9-coynemt2/src/database/repo/file.go:121.2,121.18 1 1
gitlab.computing.dcu.ie/collint9/2021-ca400-collint9-coynemt2/src/database/repo/file.go:88.63,89.45 1 1
gitlab.computing.dcu.ie/collint9/2021-ca400-collint9-coynemt2/src/database/repo/file.go:89.45,91.18 2 1
gitlab.computing.dcu.ie/collint9/2021-ca400-collint9-coynemt2/src/database/repo/file.go:91.18,93.5 1 0
gitlab.computing.dcu.ie/collint9/2021-ca400-collint9-coynemt2/src/database/repo/file.go:94.9,96.4 1 0
gitlab.computing.dcu.ie/collint9/2021-ca400-collint9-coynemt2/src/database/repo/file.go:100.65,102.3 1 0
gitlab.computing.dcu.ie/collint9/2021-ca400-collint9-coynemt2/src/database/repo/file.go:104.49,106.3 1 0
gitlab.computing.dcu.ie/collint9/2021-ca400-collint9-coynemt2/src/database/repo/file.go:117.64,119.3 1 1
gitlab.computing.dcu.ie/collint9/2021-ca400-collint9-coynemt2/src/database/repo/file.go:124.93,126.21 2 1
gitlab.computing.dcu.ie/collint9/2021-ca400-collint9-coynemt2/src/database/repo/file.go:130.2,131.48 2 1
gitlab.computing.dcu.ie/collint9/2021-ca400-collint9-coynemt2/src/database/repo/file.go:126.21,128.3 1 1
gitlab.computing.dcu.ie/collint9/2021-ca400-collint9-coynemt2/src/database/repo/file.go:135.79,141.25 4 1
gitlab.computing.dcu.ie/collint9/2021-ca400-collint9-coynemt2/src/database/repo/file.go:146.2,146.71 1 1
gitlab.computing.dcu.ie/collint9/2021-ca400-collint9-coynemt2/src/database/repo/file.go:152.2,152.50 1 1
gitlab.computing.dcu.ie/collint9/2021-ca400-collint9-coynemt2/src/database/repo/file.go:156.2,156.23 1 1
gitlab.computing.dcu.ie/collint9/2021-ca400-collint9-coynemt2/src/database/repo/file.go:160.2,168.57 4 1
gitlab.computing.dcu.ie/collint9/2021-ca400-collint9-coynemt2/src/database/repo/file.go:171.2,171.17 1 1
gitlab.computing.dcu.ie/collint9/2021-ca400-collint9-coynemt2/src/database/repo/file.go:141.25,143.3 1 0
gitlab.computing.dcu.ie/collint9/2021-ca400-collint9-coynemt2/src/database/repo/file.go:146.71,148.3 1 1
gitlab.computing.dcu.ie/collint9/2021-ca400-collint9-coynemt2/src/database/repo/file.go:152.50,154.3 1 0
gitlab.computing.dcu.ie/collint9/2021-ca400-collint9-coynemt2/src/database/repo/file.go:156.23,158.3 1 0
gitlab.computing.dcu.ie/collint9/2021-ca400-collint9-coynemt2/src/database/repo/file.go:168.57,170.3 1 0
gitlab.computing.dcu.ie/collint9/2021-ca400-collint9-coynemt2/src/database/repo/file.go:174.69,176.52 2 0
gitlab.computing.dcu.ie/collint9/2021-ca400-collint9-coynemt2/src/database/repo/file.go:179.2,179.38 1 0
gitlab.computing.dcu.ie/collint9/2021-ca400-collint9-coynemt2/src/database/repo/file.go:176.52,178.3 1 0
